  [1m[35m (0.7ms)[0m  [1m[35mSET NAMES utf8,  @@SESSION.sql_mode = CONCAT(CONCAT(@@sql_mode, ',STRICT_ALL_TABLES'), ',NO_AUTO_VALUE_ON_ZERO'),  @@SESSION.sql_auto_is_null = 0, @@SESSION.wait_timeout = 2147483[0m
  ↳ /home/gabrielerocha/.rvm/gems/ruby-2.6.1/bin/rake:23
  [1m[35m (0.2ms)[0m  [1m[34mSELECT GET_LOCK('4762643115276315045', 0)[0m
  ↳ /home/gabrielerocha/.rvm/gems/ruby-2.6.1/bin/rake:23
  [1m[35m (0.4ms)[0m  [1m[34mSELECT `schema_migrations`.`version` FROM `schema_migrations` ORDER BY `schema_migrations`.`version` ASC[0m
  ↳ /home/gabrielerocha/.rvm/gems/ruby-2.6.1/bin/rake:23
Migrating to CreateProdutos (20210616191140)
  [1m[35m (0.7ms)[0m  [1m[35mCREATE TABLE `produtos` (`id` bigint NOT NULL AUTO_INCREMENT PRIMARY KEY, `name` varchar(255), `code` varchar(255), `price` float(24), `created_at` datetime NOT NULL, `updated_at` datetime NOT NULL)[0m
  ↳ db/migrate/20210616191140_create_produtos.rb:3
  [1m[35m (0.2ms)[0m  [1m[34mSELECT RELEASE_LOCK('4762643115276315045')[0m
  ↳ /home/gabrielerocha/.rvm/gems/ruby-2.6.1/bin/rake:23
  [1m[35m (0.3ms)[0m  [1m[35mSET NAMES utf8,  @@SESSION.sql_mode = CONCAT(CONCAT(@@sql_mode, ',STRICT_ALL_TABLES'), ',NO_AUTO_VALUE_ON_ZERO'),  @@SESSION.sql_auto_is_null = 0, @@SESSION.wait_timeout = 2147483[0m
  ↳ /home/gabrielerocha/.rvm/gems/ruby-2.6.1/bin/rake:23
  [1m[35m (0.2ms)[0m  [1m[34mSELECT GET_LOCK('4762643115276315045', 0)[0m
  ↳ /home/gabrielerocha/.rvm/gems/ruby-2.6.1/bin/rake:23
  [1m[35m (0.3ms)[0m  [1m[34mSELECT `schema_migrations`.`version` FROM `schema_migrations` ORDER BY `schema_migrations`.`version` ASC[0m
  ↳ /home/gabrielerocha/.rvm/gems/ruby-2.6.1/bin/rake:23
Migrating to CreateProdutos (20210616191140)
  [1m[35m (27.0ms)[0m  [1m[35mCREATE TABLE `produtos` (`id` bigint NOT NULL AUTO_INCREMENT PRIMARY KEY, `name` varchar(255), `code` varchar(255), `price` float(24), `created_at` datetime NOT NULL, `updated_at` datetime NOT NULL)[0m
  ↳ db/migrate/20210616191140_create_produtos.rb:3
  [1m[35m (0.4ms)[0m  [1m[35mBEGIN[0m
  ↳ /home/gabrielerocha/.rvm/gems/ruby-2.6.1/bin/rake:23
  [1m[36mActiveRecord::SchemaMigration Create (0.6ms)[0m  [1m[32mINSERT INTO `schema_migrations` (`version`) VALUES ('20210616191140')[0m
  ↳ /home/gabrielerocha/.rvm/gems/ruby-2.6.1/bin/rake:23
  [1m[35m (3.6ms)[0m  [1m[35mCOMMIT[0m
  ↳ /home/gabrielerocha/.rvm/gems/ruby-2.6.1/bin/rake:23
  [1m[36mActiveRecord::InternalMetadata Load (0.6ms)[0m  [1m[34mSELECT  `ar_internal_metadata`.* FROM `ar_internal_metadata` WHERE `ar_internal_metadata`.`key` = 'environment' LIMIT 1[0m
  ↳ /home/gabrielerocha/.rvm/gems/ruby-2.6.1/bin/rake:23
  [1m[35m (0.3ms)[0m  [1m[35mBEGIN[0m
  ↳ /home/gabrielerocha/.rvm/gems/ruby-2.6.1/bin/rake:23
  [1m[35m (0.2ms)[0m  [1m[35mCOMMIT[0m
  ↳ /home/gabrielerocha/.rvm/gems/ruby-2.6.1/bin/rake:23
  [1m[35m (0.2ms)[0m  [1m[34mSELECT RELEASE_LOCK('4762643115276315045')[0m
  ↳ /home/gabrielerocha/.rvm/gems/ruby-2.6.1/bin/rake:23
  [1m[35m (0.2ms)[0m  [1m[34mSELECT `schema_migrations`.`version` FROM `schema_migrations` ORDER BY `schema_migrations`.`version` ASC[0m
  ↳ /home/gabrielerocha/.rvm/gems/ruby-2.6.1/bin/rake:23
  [1m[35m (0.3ms)[0m  [1m[35mSET NAMES utf8,  @@SESSION.sql_mode = CONCAT(CONCAT(@@sql_mode, ',STRICT_ALL_TABLES'), ',NO_AUTO_VALUE_ON_ZERO'),  @@SESSION.sql_auto_is_null = 0, @@SESSION.wait_timeout = 2147483[0m
  ↳ /home/gabrielerocha/.rvm/gems/ruby-2.6.1/bin/rake:23
  [1m[35m (0.4ms)[0m  [1m[35mCREATE DATABASE `exemplo_development` DEFAULT CHARACTER SET `utf8`[0m
  ↳ /home/gabrielerocha/.rvm/gems/ruby-2.6.1/bin/rake:23
  [1m[35m (0.2ms)[0m  [1m[35mSET NAMES utf8,  @@SESSION.sql_mode = CONCAT(CONCAT(@@sql_mode, ',STRICT_ALL_TABLES'), ',NO_AUTO_VALUE_ON_ZERO'),  @@SESSION.sql_auto_is_null = 0, @@SESSION.wait_timeout = 2147483[0m
  ↳ /home/gabrielerocha/.rvm/gems/ruby-2.6.1/bin/rake:23
  [1m[35m (0.3ms)[0m  [1m[35mCREATE DATABASE `exemplo_test` DEFAULT CHARACTER SET `utf8`[0m
  ↳ /home/gabrielerocha/.rvm/gems/ruby-2.6.1/bin/rake:23
  [1m[35m (0.2ms)[0m  [1m[35mSET NAMES utf8,  @@SESSION.sql_mode = CONCAT(CONCAT(@@sql_mode, ',STRICT_ALL_TABLES'), ',NO_AUTO_VALUE_ON_ZERO'),  @@SESSION.sql_auto_is_null = 0, @@SESSION.wait_timeout = 2147483[0m
  ↳ /home/gabrielerocha/.rvm/gems/ruby-2.6.1/bin/rake:23
  [1m[35m (0.3ms)[0m  [1m[34mSELECT `schema_migrations`.`version` FROM `schema_migrations` ORDER BY `schema_migrations`.`version` ASC[0m
  ↳ /home/gabrielerocha/.rvm/gems/ruby-2.6.1/bin/rake:23
  [1m[35m (0.4ms)[0m  [1m[34mSELECT `ar_internal_metadata`.`value` FROM `ar_internal_metadata` WHERE `ar_internal_metadata`.`key` = 'environment'[0m
  ↳ /home/gabrielerocha/.rvm/gems/ruby-2.6.1/bin/rake:23
  [1m[35m (0.2ms)[0m  [1m[34mSELECT `schema_migrations`.`version` FROM `schema_migrations` ORDER BY `schema_migrations`.`version` ASC[0m
  ↳ /home/gabrielerocha/.rvm/gems/ruby-2.6.1/bin/rake:23
  [1m[35m (0.2ms)[0m  [1m[34mSELECT `ar_internal_metadata`.`value` FROM `ar_internal_metadata` WHERE `ar_internal_metadata`.`key` = 'environment'[0m
  ↳ /home/gabrielerocha/.rvm/gems/ruby-2.6.1/bin/rake:23
  [1m[35m (0.2ms)[0m  [1m[34mSELECT `schema_migrations`.`version` FROM `schema_migrations` ORDER BY `schema_migrations`.`version` ASC[0m
  ↳ /home/gabrielerocha/.rvm/gems/ruby-2.6.1/bin/rake:23
  [1m[35m (0.2ms)[0m  [1m[34mSELECT `ar_internal_metadata`.`value` FROM `ar_internal_metadata` WHERE `ar_internal_metadata`.`key` = 'environment'[0m
  ↳ /home/gabrielerocha/.rvm/gems/ruby-2.6.1/bin/rake:23
  [1m[35m (0.2ms)[0m  [1m[35mSET NAMES utf8,  @@SESSION.sql_mode = CONCAT(CONCAT(@@sql_mode, ',STRICT_ALL_TABLES'), ',NO_AUTO_VALUE_ON_ZERO'),  @@SESSION.sql_auto_is_null = 0, @@SESSION.wait_timeout = 2147483[0m
  ↳ db/schema.rb:15
  [1m[35m (16.8ms)[0m  [1m[35mDROP TABLE IF EXISTS `produtos` CASCADE[0m
  ↳ db/schema.rb:15
  [1m[35m (23.1ms)[0m  [1m[35mCREATE TABLE `produtos` (`id` bigint NOT NULL AUTO_INCREMENT PRIMARY KEY, `name` varchar(255), `code` varchar(255), `price` float(24), `created_at` datetime NOT NULL, `updated_at` datetime NOT NULL) ENGINE=InnoDB DEFAULT CHARSET=utf8mb3[0m
  ↳ db/schema.rb:15
  [1m[35m (0.5ms)[0m  [1m[34mSELECT `schema_migrations`.`version` FROM `schema_migrations` ORDER BY `schema_migrations`.`version` ASC[0m
  ↳ db/schema.rb:13
  [1m[36mActiveRecord::InternalMetadata Load (0.4ms)[0m  [1m[34mSELECT  `ar_internal_metadata`.* FROM `ar_internal_metadata` WHERE `ar_internal_metadata`.`key` = 'environment' LIMIT 1[0m
  ↳ db/schema.rb:13
  [1m[35m (0.2ms)[0m  [1m[35mBEGIN[0m
  ↳ db/schema.rb:13
  [1m[35m (0.2ms)[0m  [1m[35mCOMMIT[0m
  ↳ db/schema.rb:13
  [1m[36mActiveRecord::InternalMetadata Load (0.2ms)[0m  [1m[34mSELECT  `ar_internal_metadata`.* FROM `ar_internal_metadata` WHERE `ar_internal_metadata`.`key` = 'environment' LIMIT 1[0m
  ↳ /home/gabrielerocha/.rvm/gems/ruby-2.6.1/bin/rake:23
  [1m[35m (0.1ms)[0m  [1m[35mBEGIN[0m
  ↳ /home/gabrielerocha/.rvm/gems/ruby-2.6.1/bin/rake:23
  [1m[35m (0.2ms)[0m  [1m[35mCOMMIT[0m
  ↳ /home/gabrielerocha/.rvm/gems/ruby-2.6.1/bin/rake:23
  [1m[35m (0.4ms)[0m  [1m[35mSET NAMES utf8,  @@SESSION.sql_mode = CONCAT(CONCAT(@@sql_mode, ',STRICT_ALL_TABLES'), ',NO_AUTO_VALUE_ON_ZERO'),  @@SESSION.sql_auto_is_null = 0, @@SESSION.wait_timeout = 2147483[0m
  ↳ db/schema.rb:15
  [1m[35m (13.5ms)[0m  [1m[35mDROP TABLE IF EXISTS `produtos` CASCADE[0m
  ↳ db/schema.rb:15
  [1m[35m (24.8ms)[0m  [1m[35mCREATE TABLE `produtos` (`id` bigint NOT NULL AUTO_INCREMENT PRIMARY KEY, `name` varchar(255), `code` varchar(255), `price` float(24), `created_at` datetime NOT NULL, `updated_at` datetime NOT NULL) ENGINE=InnoDB DEFAULT CHARSET=utf8mb3[0m
  ↳ db/schema.rb:15
  [1m[35m (0.6ms)[0m  [1m[34mSELECT `schema_migrations`.`version` FROM `schema_migrations` ORDER BY `schema_migrations`.`version` ASC[0m
  ↳ db/schema.rb:13
  [1m[35m (5.7ms)[0m  [1m[32mINSERT INTO `schema_migrations` (version) VALUES (20210616191140)[0m
  ↳ db/schema.rb:13
  [1m[36mActiveRecord::InternalMetadata Load (0.3ms)[0m  [1m[34mSELECT  `ar_internal_metadata`.* FROM `ar_internal_metadata` WHERE `ar_internal_metadata`.`key` = 'environment' LIMIT 1[0m
  ↳ db/schema.rb:13
  [1m[35m (0.1ms)[0m  [1m[35mBEGIN[0m
  ↳ db/schema.rb:13
  [1m[36mActiveRecord::InternalMetadata Update (0.3ms)[0m  [1m[33mUPDATE `ar_internal_metadata` SET `value` = 'development', `updated_at` = '2021-06-16 19:15:21' WHERE `ar_internal_metadata`.`key` = 'environment'[0m
  ↳ db/schema.rb:13
  [1m[35m (3.3ms)[0m  [1m[35mCOMMIT[0m
  ↳ db/schema.rb:13
  [1m[36mActiveRecord::InternalMetadata Load (0.3ms)[0m  [1m[34mSELECT  `ar_internal_metadata`.* FROM `ar_internal_metadata` WHERE `ar_internal_metadata`.`key` = 'environment' LIMIT 1[0m
  ↳ /home/gabrielerocha/.rvm/gems/ruby-2.6.1/bin/rake:23
  [1m[35m (0.1ms)[0m  [1m[35mBEGIN[0m
  ↳ /home/gabrielerocha/.rvm/gems/ruby-2.6.1/bin/rake:23
  [1m[36mActiveRecord::InternalMetadata Update (0.3ms)[0m  [1m[33mUPDATE `ar_internal_metadata` SET `value` = 'test' WHERE `ar_internal_metadata`.`key` = 'environment'[0m
  ↳ /home/gabrielerocha/.rvm/gems/ruby-2.6.1/bin/rake:23
  [1m[35m (3.6ms)[0m  [1m[35mCOMMIT[0m
  ↳ /home/gabrielerocha/.rvm/gems/ruby-2.6.1/bin/rake:23
  [1m[35m (0.3ms)[0m  [1m[35mSET NAMES utf8,  @@SESSION.sql_mode = CONCAT(CONCAT(@@sql_mode, ',STRICT_ALL_TABLES'), ',NO_AUTO_VALUE_ON_ZERO'),  @@SESSION.sql_auto_is_null = 0, @@SESSION.wait_timeout = 2147483[0m
  ↳ /home/gabrielerocha/.rvm/gems/ruby-2.6.1/bin/rake:23
  [1m[35m (0.3ms)[0m  [1m[34mSELECT `schema_migrations`.`version` FROM `schema_migrations` ORDER BY `schema_migrations`.`version` ASC[0m
  ↳ /home/gabrielerocha/.rvm/gems/ruby-2.6.1/bin/rake:23
  [1m[35m (0.5ms)[0m  [1m[35mSET NAMES utf8,  @@SESSION.sql_mode = CONCAT(CONCAT(@@sql_mode, ',STRICT_ALL_TABLES'), ',NO_AUTO_VALUE_ON_ZERO'),  @@SESSION.sql_auto_is_null = 0, @@SESSION.wait_timeout = 2147483[0m
  [1m[36mProduto Load (0.6ms)[0m  [1m[34mSELECT  `produtos`.* FROM `produtos` LIMIT 11[0m
  [1m[35m (0.2ms)[0m  [1m[35mBEGIN[0m
  [1m[36mProduto Create (0.5ms)[0m  [1m[32mINSERT INTO `produtos` (`name`, `code`, `price`, `created_at`, `updated_at`) VALUES ('Mac', '123456', 5000.0, '2021-06-16 19:17:57', '2021-06-16 19:17:57')[0m
  [1m[35m (6.4ms)[0m  [1m[35mCOMMIT[0m
  [1m[36mProduto Load (0.8ms)[0m  [1m[34mSELECT  `produtos`.* FROM `produtos` LIMIT 11[0m
Started GET "/" for 127.0.0.1 at 2021-06-16 16:31:27 -0300
  [1m[35m (1.3ms)[0m  [1m[35mSET NAMES utf8,  @@SESSION.sql_mode = CONCAT(CONCAT(@@sql_mode, ',STRICT_ALL_TABLES'), ',NO_AUTO_VALUE_ON_ZERO'),  @@SESSION.sql_auto_is_null = 0, @@SESSION.wait_timeout = 2147483[0m
  ↳ /home/gabrielerocha/.rvm/gems/ruby-2.6.1/gems/activerecord-5.2.6/lib/active_record/log_subscriber.rb:98
  [1m[35m (0.5ms)[0m  [1m[34mSELECT `schema_migrations`.`version` FROM `schema_migrations` ORDER BY `schema_migrations`.`version` ASC[0m
  ↳ /home/gabrielerocha/.rvm/gems/ruby-2.6.1/gems/activerecord-5.2.6/lib/active_record/log_subscriber.rb:98
Processing by Rails::WelcomeController#index as HTML
  Rendering /home/gabrielerocha/.rvm/gems/ruby-2.6.1/gems/railties-5.2.6/lib/rails/templates/rails/welcome/index.html.erb
  Rendered /home/gabrielerocha/.rvm/gems/ruby-2.6.1/gems/railties-5.2.6/lib/rails/templates/rails/welcome/index.html.erb (5.0ms)
Completed 200 OK in 17ms (Views: 11.5ms | ActiveRecord: 0.0ms)


Started GET "/produtos/index" for 127.0.0.1 at 2021-06-16 16:31:37 -0300
Processing by ProdutosController#index as HTML
  Rendering produtos/index.html.erb within layouts/application
  Rendered produtos/index.html.erb within layouts/application (0.4ms)
Completed 200 OK in 1400ms (Views: 1399.8ms | ActiveRecord: 0.0ms)


Started GET "/produtos/index" for 127.0.0.1 at 2021-06-16 16:34:13 -0300
Processing by ProdutosController#index as HTML
  Rendering produtos/index.html.erb within layouts/application
  Rendered produtos/index.html.erb within layouts/application (0.3ms)
Completed 200 OK in 20ms (Views: 19.1ms | ActiveRecord: 0.0ms)


Started GET "/produtos/index" for 127.0.0.1 at 2021-06-16 16:34:33 -0300
Processing by ProdutosController#index as HTML
  Rendering produtos/index.html.erb within layouts/application
  Rendered produtos/index.html.erb within layouts/application (0.3ms)
Completed 200 OK in 16ms (Views: 15.7ms | ActiveRecord: 0.0ms)


Started GET "/produtos/index" for 127.0.0.1 at 2021-06-16 16:35:31 -0300
Processing by ProdutosController#index as HTML
  Rendering produtos/index.html.erb within layouts/application
  Rendered produtos/index.html.erb within layouts/application (0.3ms)
Completed 200 OK in 16ms (Views: 15.5ms | ActiveRecord: 0.0ms)


Started GET "/produtos/index" for 127.0.0.1 at 2021-06-16 16:42:02 -0300
  
LoadError (cannot load such file -- /home/gabrielerocha/codes-RailsBasico/Modulo 17-18-19/exemplo/config/routes.rb):
  
bootsnap (1.7.5) lib/bootsnap/load_path_cache/core_ext/kernel_require.rb:59:in `load'
bootsnap (1.7.5) lib/bootsnap/load_path_cache/core_ext/kernel_require.rb:59:in `load'
activesupport (5.2.6) lib/active_support/dependencies.rb:285:in `block in load'
activesupport (5.2.6) lib/active_support/dependencies.rb:257:in `load_dependency'
activesupport (5.2.6) lib/active_support/dependencies.rb:285:in `load'
railties (5.2.6) lib/rails/application/routes_reloader.rb:41:in `block in load_paths'
railties (5.2.6) lib/rails/application/routes_reloader.rb:41:in `each'
railties (5.2.6) lib/rails/application/routes_reloader.rb:41:in `load_paths'
railties (5.2.6) lib/rails/application/routes_reloader.rb:20:in `reload!'
railties (5.2.6) lib/rails/application/routes_reloader.rb:30:in `block in updater'
activesupport (5.2.6) lib/active_support/file_update_checker.rb:83:in `execute'
railties (5.2.6) lib/rails/application/routes_reloader.rb:10:in `execute'
railties (5.2.6) lib/rails/application/finisher.rb:143:in `block (2 levels) in <module:Finisher>'
activesupport (5.2.6) lib/active_support/callbacks.rb:426:in `instance_exec'
activesupport (5.2.6) lib/active_support/callbacks.rb:426:in `block in make_lambda'
activesupport (5.2.6) lib/active_support/callbacks.rb:198:in `block (2 levels) in halting'
activesupport (5.2.6) lib/active_support/callbacks.rb:606:in `block (2 levels) in default_terminator'
activesupport (5.2.6) lib/active_support/callbacks.rb:605:in `catch'
activesupport (5.2.6) lib/active_support/callbacks.rb:605:in `block in default_terminator'
activesupport (5.2.6) lib/active_support/callbacks.rb:199:in `block in halting'
activesupport (5.2.6) lib/active_support/callbacks.rb:513:in `block in invoke_before'
activesupport (5.2.6) lib/active_support/callbacks.rb:513:in `each'
activesupport (5.2.6) lib/active_support/callbacks.rb:513:in `invoke_before'
activesupport (5.2.6) lib/active_support/callbacks.rb:131:in `run_callbacks'
activesupport (5.2.6) lib/active_support/execution_wrapper.rb:110:in `run!'
activesupport (5.2.6) lib/active_support/reloader.rb:115:in `run!'
activesupport (5.2.6) lib/active_support/execution_wrapper.rb:72:in `block in run!'
activesupport (5.2.6) lib/active_support/execution_wrapper.rb:69:in `tap'
activesupport (5.2.6) lib/active_support/execution_wrapper.rb:69:in `run!'
activesupport (5.2.6) lib/active_support/reloader.rb:64:in `run!'
actionpack (5.2.6) lib/action_dispatch/middleware/executor.rb:12:in `call'
actionpack (5.2.6) lib/action_dispatch/middleware/debug_exceptions.rb:61:in `call'
web-console (3.7.0) lib/web_console/middleware.rb:135:in `call_app'
web-console (3.7.0) lib/web_console/middleware.rb:30:in `block in call'
web-console (3.7.0) lib/web_console/middleware.rb:20:in `catch'
web-console (3.7.0) lib/web_console/middleware.rb:20:in `call'
actionpack (5.2.6) lib/action_dispatch/middleware/show_exceptions.rb:33:in `call'
railties (5.2.6) lib/rails/rack/logger.rb:38:in `call_app'
railties (5.2.6) lib/rails/rack/logger.rb:26:in `block in call'
activesupport (5.2.6) lib/active_support/tagged_logging.rb:71:in `block in tagged'
activesupport (5.2.6) lib/active_support/tagged_logging.rb:28:in `tagged'
activesupport (5.2.6) lib/active_support/tagged_logging.rb:71:in `tagged'
railties (5.2.6) lib/rails/rack/logger.rb:26:in `call'
sprockets-rails (3.2.2) lib/sprockets/rails/quiet_assets.rb:13:in `call'
actionpack (5.2.6) lib/action_dispatch/middleware/remote_ip.rb:81:in `call'
actionpack (5.2.6) lib/action_dispatch/middleware/request_id.rb:27:in `call'
rack (2.2.3) lib/rack/method_override.rb:24:in `call'
rack (2.2.3) lib/rack/runtime.rb:22:in `call'
activesupport (5.2.6) lib/active_support/cache/strategy/local_cache_middleware.rb:29:in `call'
actionpack (5.2.6) lib/action_dispatch/middleware/executor.rb:14:in `call'
actionpack (5.2.6) lib/action_dispatch/middleware/static.rb:127:in `call'
rack (2.2.3) lib/rack/sendfile.rb:110:in `call'
railties (5.2.6) lib/rails/engine.rb:524:in `call'
puma (3.12.6) lib/puma/configuration.rb:227:in `call'
puma (3.12.6) lib/puma/server.rb:706:in `handle_request'
puma (3.12.6) lib/puma/server.rb:476:in `process_client'
puma (3.12.6) lib/puma/server.rb:334:in `block in run'
puma (3.12.6) lib/puma/thread_pool.rb:135:in `block in spawn_thread'
Started GET "/produtos/index" for 127.0.0.1 at 2021-06-16 16:42:22 -0300
  [1m[35m (0.4ms)[0m  [1m[35mSET NAMES utf8,  @@SESSION.sql_mode = CONCAT(CONCAT(@@sql_mode, ',STRICT_ALL_TABLES'), ',NO_AUTO_VALUE_ON_ZERO'),  @@SESSION.sql_auto_is_null = 0, @@SESSION.wait_timeout = 2147483[0m
  ↳ /home/gabrielerocha/.rvm/gems/ruby-2.6.1/gems/activerecord-5.2.6/lib/active_record/log_subscriber.rb:98
  
ActionController::RoutingError (No route matches [GET] "/produtos/index"):
  
actionpack (5.2.6) lib/action_dispatch/middleware/debug_exceptions.rb:65:in `call'
web-console (3.7.0) lib/web_console/middleware.rb:135:in `call_app'
web-console (3.7.0) lib/web_console/middleware.rb:30:in `block in call'
web-console (3.7.0) lib/web_console/middleware.rb:20:in `catch'
web-console (3.7.0) lib/web_console/middleware.rb:20:in `call'
actionpack (5.2.6) lib/action_dispatch/middleware/show_exceptions.rb:33:in `call'
railties (5.2.6) lib/rails/rack/logger.rb:38:in `call_app'
railties (5.2.6) lib/rails/rack/logger.rb:26:in `block in call'
activesupport (5.2.6) lib/active_support/tagged_logging.rb:71:in `block in tagged'
activesupport (5.2.6) lib/active_support/tagged_logging.rb:28:in `tagged'
activesupport (5.2.6) lib/active_support/tagged_logging.rb:71:in `tagged'
railties (5.2.6) lib/rails/rack/logger.rb:26:in `call'
sprockets-rails (3.2.2) lib/sprockets/rails/quiet_assets.rb:13:in `call'
actionpack (5.2.6) lib/action_dispatch/middleware/remote_ip.rb:81:in `call'
actionpack (5.2.6) lib/action_dispatch/middleware/request_id.rb:27:in `call'
rack (2.2.3) lib/rack/method_override.rb:24:in `call'
rack (2.2.3) lib/rack/runtime.rb:22:in `call'
activesupport (5.2.6) lib/active_support/cache/strategy/local_cache_middleware.rb:29:in `call'
actionpack (5.2.6) lib/action_dispatch/middleware/executor.rb:14:in `call'
actionpack (5.2.6) lib/action_dispatch/middleware/static.rb:127:in `call'
rack (2.2.3) lib/rack/sendfile.rb:110:in `call'
railties (5.2.6) lib/rails/engine.rb:524:in `call'
puma (3.12.6) lib/puma/configuration.rb:227:in `call'
puma (3.12.6) lib/puma/server.rb:706:in `handle_request'
puma (3.12.6) lib/puma/server.rb:476:in `process_client'
puma (3.12.6) lib/puma/server.rb:334:in `block in run'
puma (3.12.6) lib/puma/thread_pool.rb:135:in `block in spawn_thread'
Started GET "/produtos/index" for 127.0.0.1 at 2021-06-16 16:43:46 -0300
  [1m[35m (0.6ms)[0m  [1m[35mSET NAMES utf8,  @@SESSION.sql_mode = CONCAT(CONCAT(@@sql_mode, ',STRICT_ALL_TABLES'), ',NO_AUTO_VALUE_ON_ZERO'),  @@SESSION.sql_auto_is_null = 0, @@SESSION.wait_timeout = 2147483[0m
  ↳ /home/gabrielerocha/.rvm/gems/ruby-2.6.1/gems/activerecord-5.2.6/lib/active_record/log_subscriber.rb:98
  [1m[35m (0.2ms)[0m  [1m[34mSELECT `schema_migrations`.`version` FROM `schema_migrations` ORDER BY `schema_migrations`.`version` ASC[0m
  ↳ /home/gabrielerocha/.rvm/gems/ruby-2.6.1/gems/activerecord-5.2.6/lib/active_record/log_subscriber.rb:98
Processing by ProdutosController#index as HTML
  Rendering produtos/index.html.erb within layouts/application
  Rendered produtos/index.html.erb within layouts/application (0.6ms)
Completed 200 OK in 255ms (Views: 250.9ms | ActiveRecord: 0.0ms)


Started GET "/produtos/index" for 127.0.0.1 at 2021-06-16 16:44:47 -0300
Processing by ProdutosController#index as HTML
  Rendering produtos/index.html.erb within layouts/application
  Rendered produtos/index.html.erb within layouts/application (0.2ms)
Completed 200 OK in 14ms (Views: 13.4ms | ActiveRecord: 0.0ms)


Started GET "/produtos/index" for 127.0.0.1 at 2021-06-16 16:47:02 -0300
Processing by ProdutosController#index as HTML
Completed 500 Internal Server Error in 1ms (ActiveRecord: 0.0ms)


  
NameError (uninitialized constant ProdutosController::Produtos):
  
app/controllers/produtos_controller.rb:4:in `index'
Started GET "/produtos/index" for 127.0.0.1 at 2021-06-16 16:47:28 -0300
Processing by ProdutosController#index as HTML
  Rendering produtos/index.html.erb within layouts/application
  Rendered produtos/index.html.erb within layouts/application (0.3ms)
Completed 200 OK in 13ms (Views: 12.6ms | ActiveRecord: 0.0ms)


Started GET "/produtos/index" for 127.0.0.1 at 2021-06-16 16:54:51 -0300
  [1m[35m (0.4ms)[0m  [1m[35mSET NAMES utf8,  @@SESSION.sql_mode = CONCAT(CONCAT(@@sql_mode, ',STRICT_ALL_TABLES'), ',NO_AUTO_VALUE_ON_ZERO'),  @@SESSION.sql_auto_is_null = 0, @@SESSION.wait_timeout = 2147483[0m
  ↳ /home/gabrielerocha/.rvm/gems/ruby-2.6.1/gems/activerecord-5.2.6/lib/active_record/log_subscriber.rb:98
Processing by ProdutosController#index as HTML
  Rendering produtos/index.html.erb within layouts/application
  Rendered produtos/index.html.erb within layouts/application (0.3ms)
Completed 200 OK in 35ms (Views: 34.6ms | ActiveRecord: 0.0ms)


Started GET "/produtos/index" for 127.0.0.1 at 2021-06-16 17:03:16 -0300
  
ArgumentError (Missing :controller key on routes definition, please check your routes.):
  
config/routes.rb:2:in `block in <main>'
config/routes.rb:1:in `<main>'
Started GET "/produtos" for 127.0.0.1 at 2021-06-16 17:03:19 -0300
  [1m[35m (0.3ms)[0m  [1m[35mSET NAMES utf8,  @@SESSION.sql_mode = CONCAT(CONCAT(@@sql_mode, ',STRICT_ALL_TABLES'), ',NO_AUTO_VALUE_ON_ZERO'),  @@SESSION.sql_auto_is_null = 0, @@SESSION.wait_timeout = 2147483[0m
  ↳ /home/gabrielerocha/.rvm/gems/ruby-2.6.1/gems/activerecord-5.2.6/lib/active_record/log_subscriber.rb:98
  
ActionController::RoutingError (No route matches [GET] "/produtos"):
  
actionpack (5.2.6) lib/action_dispatch/middleware/debug_exceptions.rb:65:in `call'
web-console (3.7.0) lib/web_console/middleware.rb:135:in `call_app'
web-console (3.7.0) lib/web_console/middleware.rb:30:in `block in call'
web-console (3.7.0) lib/web_console/middleware.rb:20:in `catch'
web-console (3.7.0) lib/web_console/middleware.rb:20:in `call'
actionpack (5.2.6) lib/action_dispatch/middleware/show_exceptions.rb:33:in `call'
railties (5.2.6) lib/rails/rack/logger.rb:38:in `call_app'
railties (5.2.6) lib/rails/rack/logger.rb:26:in `block in call'
activesupport (5.2.6) lib/active_support/tagged_logging.rb:71:in `block in tagged'
activesupport (5.2.6) lib/active_support/tagged_logging.rb:28:in `tagged'
activesupport (5.2.6) lib/active_support/tagged_logging.rb:71:in `tagged'
railties (5.2.6) lib/rails/rack/logger.rb:26:in `call'
sprockets-rails (3.2.2) lib/sprockets/rails/quiet_assets.rb:13:in `call'
actionpack (5.2.6) lib/action_dispatch/middleware/remote_ip.rb:81:in `call'
actionpack (5.2.6) lib/action_dispatch/middleware/request_id.rb:27:in `call'
rack (2.2.3) lib/rack/method_override.rb:24:in `call'
rack (2.2.3) lib/rack/runtime.rb:22:in `call'
activesupport (5.2.6) lib/active_support/cache/strategy/local_cache_middleware.rb:29:in `call'
actionpack (5.2.6) lib/action_dispatch/middleware/executor.rb:14:in `call'
actionpack (5.2.6) lib/action_dispatch/middleware/static.rb:127:in `call'
rack (2.2.3) lib/rack/sendfile.rb:110:in `call'
railties (5.2.6) lib/rails/engine.rb:524:in `call'
puma (3.12.6) lib/puma/configuration.rb:227:in `call'
puma (3.12.6) lib/puma/server.rb:706:in `handle_request'
puma (3.12.6) lib/puma/server.rb:476:in `process_client'
puma (3.12.6) lib/puma/server.rb:334:in `block in run'
puma (3.12.6) lib/puma/thread_pool.rb:135:in `block in spawn_thread'
Started GET "/produtos" for 127.0.0.1 at 2021-06-16 17:03:29 -0300
  
ArgumentError (Missing :controller key on routes definition, please check your routes.):
  
config/routes.rb:2:in `block in <main>'
config/routes.rb:1:in `<main>'
Started GET "/produtos" for 127.0.0.1 at 2021-06-16 17:04:04 -0300
  
ArgumentError (Missing :controller key on routes definition, please check your routes.):
  
config/routes.rb:2:in `block in <main>'
config/routes.rb:1:in `<main>'
Started GET "/produtos/index" for 127.0.0.1 at 2021-06-16 17:04:13 -0300
  
ActionController::RoutingError (No route matches [GET] "/produtos/index"):
  
actionpack (5.2.6) lib/action_dispatch/middleware/debug_exceptions.rb:65:in `call'
web-console (3.7.0) lib/web_console/middleware.rb:135:in `call_app'
web-console (3.7.0) lib/web_console/middleware.rb:30:in `block in call'
web-console (3.7.0) lib/web_console/middleware.rb:20:in `catch'
web-console (3.7.0) lib/web_console/middleware.rb:20:in `call'
actionpack (5.2.6) lib/action_dispatch/middleware/show_exceptions.rb:33:in `call'
railties (5.2.6) lib/rails/rack/logger.rb:38:in `call_app'
railties (5.2.6) lib/rails/rack/logger.rb:26:in `block in call'
activesupport (5.2.6) lib/active_support/tagged_logging.rb:71:in `block in tagged'
activesupport (5.2.6) lib/active_support/tagged_logging.rb:28:in `tagged'
activesupport (5.2.6) lib/active_support/tagged_logging.rb:71:in `tagged'
railties (5.2.6) lib/rails/rack/logger.rb:26:in `call'
sprockets-rails (3.2.2) lib/sprockets/rails/quiet_assets.rb:13:in `call'
actionpack (5.2.6) lib/action_dispatch/middleware/remote_ip.rb:81:in `call'
actionpack (5.2.6) lib/action_dispatch/middleware/request_id.rb:27:in `call'
rack (2.2.3) lib/rack/method_override.rb:24:in `call'
rack (2.2.3) lib/rack/runtime.rb:22:in `call'
activesupport (5.2.6) lib/active_support/cache/strategy/local_cache_middleware.rb:29:in `call'
actionpack (5.2.6) lib/action_dispatch/middleware/executor.rb:14:in `call'
actionpack (5.2.6) lib/action_dispatch/middleware/static.rb:127:in `call'
rack (2.2.3) lib/rack/sendfile.rb:110:in `call'
railties (5.2.6) lib/rails/engine.rb:524:in `call'
puma (3.12.6) lib/puma/configuration.rb:227:in `call'
puma (3.12.6) lib/puma/server.rb:706:in `handle_request'
puma (3.12.6) lib/puma/server.rb:476:in `process_client'
puma (3.12.6) lib/puma/server.rb:334:in `block in run'
puma (3.12.6) lib/puma/thread_pool.rb:135:in `block in spawn_thread'
Started GET "/produtos" for 127.0.0.1 at 2021-06-16 17:06:10 -0300
  
ActionController::RoutingError (No route matches [GET] "/produtos"):
  
actionpack (5.2.6) lib/action_dispatch/middleware/debug_exceptions.rb:65:in `call'
web-console (3.7.0) lib/web_console/middleware.rb:135:in `call_app'
web-console (3.7.0) lib/web_console/middleware.rb:30:in `block in call'
web-console (3.7.0) lib/web_console/middleware.rb:20:in `catch'
web-console (3.7.0) lib/web_console/middleware.rb:20:in `call'
actionpack (5.2.6) lib/action_dispatch/middleware/show_exceptions.rb:33:in `call'
railties (5.2.6) lib/rails/rack/logger.rb:38:in `call_app'
railties (5.2.6) lib/rails/rack/logger.rb:26:in `block in call'
activesupport (5.2.6) lib/active_support/tagged_logging.rb:71:in `block in tagged'
activesupport (5.2.6) lib/active_support/tagged_logging.rb:28:in `tagged'
activesupport (5.2.6) lib/active_support/tagged_logging.rb:71:in `tagged'
railties (5.2.6) lib/rails/rack/logger.rb:26:in `call'
sprockets-rails (3.2.2) lib/sprockets/rails/quiet_assets.rb:13:in `call'
actionpack (5.2.6) lib/action_dispatch/middleware/remote_ip.rb:81:in `call'
actionpack (5.2.6) lib/action_dispatch/middleware/request_id.rb:27:in `call'
rack (2.2.3) lib/rack/method_override.rb:24:in `call'
rack (2.2.3) lib/rack/runtime.rb:22:in `call'
activesupport (5.2.6) lib/active_support/cache/strategy/local_cache_middleware.rb:29:in `call'
actionpack (5.2.6) lib/action_dispatch/middleware/executor.rb:14:in `call'
actionpack (5.2.6) lib/action_dispatch/middleware/static.rb:127:in `call'
rack (2.2.3) lib/rack/sendfile.rb:110:in `call'
railties (5.2.6) lib/rails/engine.rb:524:in `call'
puma (3.12.6) lib/puma/configuration.rb:227:in `call'
puma (3.12.6) lib/puma/server.rb:706:in `handle_request'
puma (3.12.6) lib/puma/server.rb:476:in `process_client'
puma (3.12.6) lib/puma/server.rb:334:in `block in run'
puma (3.12.6) lib/puma/thread_pool.rb:135:in `block in spawn_thread'
Started GET "/produtos/index" for 127.0.0.1 at 2021-06-16 17:06:16 -0300
Processing by ProdutosController#index as HTML
  Rendering produtos/index.html.erb within layouts/application
  Rendered produtos/index.html.erb within layouts/application (0.2ms)
Completed 200 OK in 14ms (Views: 13.7ms | ActiveRecord: 0.0ms)


Started GET "/produtos/index" for 127.0.0.1 at 2021-06-16 17:07:56 -0300
  [1m[35m (0.3ms)[0m  [1m[35mSET NAMES utf8,  @@SESSION.sql_mode = CONCAT(CONCAT(@@sql_mode, ',STRICT_ALL_TABLES'), ',NO_AUTO_VALUE_ON_ZERO'),  @@SESSION.sql_auto_is_null = 0, @@SESSION.wait_timeout = 2147483[0m
  ↳ /home/gabrielerocha/.rvm/gems/ruby-2.6.1/gems/activerecord-5.2.6/lib/active_record/log_subscriber.rb:98
  [1m[35m (0.3ms)[0m  [1m[34mSELECT `schema_migrations`.`version` FROM `schema_migrations` ORDER BY `schema_migrations`.`version` ASC[0m
  ↳ /home/gabrielerocha/.rvm/gems/ruby-2.6.1/gems/activerecord-5.2.6/lib/active_record/log_subscriber.rb:98
Processing by ProdutosController#index as HTML
  Rendering produtos/index.html.erb within layouts/application
  Rendered produtos/index.html.erb within layouts/application (0.5ms)
Completed 200 OK in 268ms (Views: 264.9ms | ActiveRecord: 0.0ms)


Started GET "/app/views/produtos/index.html.erb" for 127.0.0.1 at 2021-06-16 17:08:08 -0300
  
ActionController::RoutingError (No route matches [GET] "/app/views/produtos/index.html.erb"):
  
actionpack (5.2.6) lib/action_dispatch/middleware/debug_exceptions.rb:65:in `call'
web-console (3.7.0) lib/web_console/middleware.rb:135:in `call_app'
web-console (3.7.0) lib/web_console/middleware.rb:30:in `block in call'
web-console (3.7.0) lib/web_console/middleware.rb:20:in `catch'
web-console (3.7.0) lib/web_console/middleware.rb:20:in `call'
actionpack (5.2.6) lib/action_dispatch/middleware/show_exceptions.rb:33:in `call'
railties (5.2.6) lib/rails/rack/logger.rb:38:in `call_app'
railties (5.2.6) lib/rails/rack/logger.rb:26:in `block in call'
activesupport (5.2.6) lib/active_support/tagged_logging.rb:71:in `block in tagged'
activesupport (5.2.6) lib/active_support/tagged_logging.rb:28:in `tagged'
activesupport (5.2.6) lib/active_support/tagged_logging.rb:71:in `tagged'
railties (5.2.6) lib/rails/rack/logger.rb:26:in `call'
sprockets-rails (3.2.2) lib/sprockets/rails/quiet_assets.rb:13:in `call'
actionpack (5.2.6) lib/action_dispatch/middleware/remote_ip.rb:81:in `call'
actionpack (5.2.6) lib/action_dispatch/middleware/request_id.rb:27:in `call'
rack (2.2.3) lib/rack/method_override.rb:24:in `call'
rack (2.2.3) lib/rack/runtime.rb:22:in `call'
activesupport (5.2.6) lib/active_support/cache/strategy/local_cache_middleware.rb:29:in `call'
actionpack (5.2.6) lib/action_dispatch/middleware/executor.rb:14:in `call'
actionpack (5.2.6) lib/action_dispatch/middleware/static.rb:127:in `call'
rack (2.2.3) lib/rack/sendfile.rb:110:in `call'
railties (5.2.6) lib/rails/engine.rb:524:in `call'
puma (3.12.6) lib/puma/configuration.rb:227:in `call'
puma (3.12.6) lib/puma/server.rb:706:in `handle_request'
puma (3.12.6) lib/puma/server.rb:476:in `process_client'
puma (3.12.6) lib/puma/server.rb:334:in `block in run'
puma (3.12.6) lib/puma/thread_pool.rb:135:in `block in spawn_thread'
Started GET "//produtos/index.html.erb" for 127.0.0.1 at 2021-06-16 17:08:15 -0300
  
ActionController::RoutingError (No route matches [GET] "/produtos/index.html.erb"):
  
actionpack (5.2.6) lib/action_dispatch/middleware/debug_exceptions.rb:65:in `call'
web-console (3.7.0) lib/web_console/middleware.rb:135:in `call_app'
web-console (3.7.0) lib/web_console/middleware.rb:30:in `block in call'
web-console (3.7.0) lib/web_console/middleware.rb:20:in `catch'
web-console (3.7.0) lib/web_console/middleware.rb:20:in `call'
actionpack (5.2.6) lib/action_dispatch/middleware/show_exceptions.rb:33:in `call'
railties (5.2.6) lib/rails/rack/logger.rb:38:in `call_app'
railties (5.2.6) lib/rails/rack/logger.rb:26:in `block in call'
activesupport (5.2.6) lib/active_support/tagged_logging.rb:71:in `block in tagged'
activesupport (5.2.6) lib/active_support/tagged_logging.rb:28:in `tagged'
activesupport (5.2.6) lib/active_support/tagged_logging.rb:71:in `tagged'
railties (5.2.6) lib/rails/rack/logger.rb:26:in `call'
sprockets-rails (3.2.2) lib/sprockets/rails/quiet_assets.rb:13:in `call'
actionpack (5.2.6) lib/action_dispatch/middleware/remote_ip.rb:81:in `call'
actionpack (5.2.6) lib/action_dispatch/middleware/request_id.rb:27:in `call'
rack (2.2.3) lib/rack/method_override.rb:24:in `call'
rack (2.2.3) lib/rack/runtime.rb:22:in `call'
activesupport (5.2.6) lib/active_support/cache/strategy/local_cache_middleware.rb:29:in `call'
actionpack (5.2.6) lib/action_dispatch/middleware/executor.rb:14:in `call'
actionpack (5.2.6) lib/action_dispatch/middleware/static.rb:127:in `call'
rack (2.2.3) lib/rack/sendfile.rb:110:in `call'
railties (5.2.6) lib/rails/engine.rb:524:in `call'
puma (3.12.6) lib/puma/configuration.rb:227:in `call'
puma (3.12.6) lib/puma/server.rb:706:in `handle_request'
puma (3.12.6) lib/puma/server.rb:476:in `process_client'
puma (3.12.6) lib/puma/server.rb:334:in `block in run'
puma (3.12.6) lib/puma/thread_pool.rb:135:in `block in spawn_thread'
Started GET "/produtos/index.html.erb" for 127.0.0.1 at 2021-06-16 17:08:19 -0300
  
ActionController::RoutingError (No route matches [GET] "/produtos/index.html.erb"):
  
actionpack (5.2.6) lib/action_dispatch/middleware/debug_exceptions.rb:65:in `call'
web-console (3.7.0) lib/web_console/middleware.rb:135:in `call_app'
web-console (3.7.0) lib/web_console/middleware.rb:30:in `block in call'
web-console (3.7.0) lib/web_console/middleware.rb:20:in `catch'
web-console (3.7.0) lib/web_console/middleware.rb:20:in `call'
actionpack (5.2.6) lib/action_dispatch/middleware/show_exceptions.rb:33:in `call'
railties (5.2.6) lib/rails/rack/logger.rb:38:in `call_app'
railties (5.2.6) lib/rails/rack/logger.rb:26:in `block in call'
activesupport (5.2.6) lib/active_support/tagged_logging.rb:71:in `block in tagged'
activesupport (5.2.6) lib/active_support/tagged_logging.rb:28:in `tagged'
activesupport (5.2.6) lib/active_support/tagged_logging.rb:71:in `tagged'
railties (5.2.6) lib/rails/rack/logger.rb:26:in `call'
sprockets-rails (3.2.2) lib/sprockets/rails/quiet_assets.rb:13:in `call'
actionpack (5.2.6) lib/action_dispatch/middleware/remote_ip.rb:81:in `call'
actionpack (5.2.6) lib/action_dispatch/middleware/request_id.rb:27:in `call'
rack (2.2.3) lib/rack/method_override.rb:24:in `call'
rack (2.2.3) lib/rack/runtime.rb:22:in `call'
activesupport (5.2.6) lib/active_support/cache/strategy/local_cache_middleware.rb:29:in `call'
actionpack (5.2.6) lib/action_dispatch/middleware/executor.rb:14:in `call'
actionpack (5.2.6) lib/action_dispatch/middleware/static.rb:127:in `call'
rack (2.2.3) lib/rack/sendfile.rb:110:in `call'
railties (5.2.6) lib/rails/engine.rb:524:in `call'
puma (3.12.6) lib/puma/configuration.rb:227:in `call'
puma (3.12.6) lib/puma/server.rb:706:in `handle_request'
puma (3.12.6) lib/puma/server.rb:476:in `process_client'
puma (3.12.6) lib/puma/server.rb:334:in `block in run'
puma (3.12.6) lib/puma/thread_pool.rb:135:in `block in spawn_thread'
Started GET "/produtos/index" for 127.0.0.1 at 2021-06-16 17:08:23 -0300
Processing by ProdutosController#index as HTML
  Rendering produtos/index.html.erb within layouts/application
  Rendered produtos/index.html.erb within layouts/application (0.3ms)
Completed 200 OK in 15ms (Views: 14.9ms | ActiveRecord: 0.0ms)


Started GET "/produtos/index" for 127.0.0.1 at 2021-06-16 17:08:56 -0300
  
ActionController::RoutingError (No route matches [GET] "/produtos/index"):
  
actionpack (5.2.6) lib/action_dispatch/middleware/debug_exceptions.rb:65:in `call'
web-console (3.7.0) lib/web_console/middleware.rb:135:in `call_app'
web-console (3.7.0) lib/web_console/middleware.rb:30:in `block in call'
web-console (3.7.0) lib/web_console/middleware.rb:20:in `catch'
web-console (3.7.0) lib/web_console/middleware.rb:20:in `call'
actionpack (5.2.6) lib/action_dispatch/middleware/show_exceptions.rb:33:in `call'
railties (5.2.6) lib/rails/rack/logger.rb:38:in `call_app'
railties (5.2.6) lib/rails/rack/logger.rb:26:in `block in call'
activesupport (5.2.6) lib/active_support/tagged_logging.rb:71:in `block in tagged'
activesupport (5.2.6) lib/active_support/tagged_logging.rb:28:in `tagged'
activesupport (5.2.6) lib/active_support/tagged_logging.rb:71:in `tagged'
railties (5.2.6) lib/rails/rack/logger.rb:26:in `call'
sprockets-rails (3.2.2) lib/sprockets/rails/quiet_assets.rb:13:in `call'
actionpack (5.2.6) lib/action_dispatch/middleware/remote_ip.rb:81:in `call'
actionpack (5.2.6) lib/action_dispatch/middleware/request_id.rb:27:in `call'
rack (2.2.3) lib/rack/method_override.rb:24:in `call'
rack (2.2.3) lib/rack/runtime.rb:22:in `call'
activesupport (5.2.6) lib/active_support/cache/strategy/local_cache_middleware.rb:29:in `call'
actionpack (5.2.6) lib/action_dispatch/middleware/executor.rb:14:in `call'
actionpack (5.2.6) lib/action_dispatch/middleware/static.rb:127:in `call'
rack (2.2.3) lib/rack/sendfile.rb:110:in `call'
railties (5.2.6) lib/rails/engine.rb:524:in `call'
puma (3.12.6) lib/puma/configuration.rb:227:in `call'
puma (3.12.6) lib/puma/server.rb:706:in `handle_request'
puma (3.12.6) lib/puma/server.rb:476:in `process_client'
puma (3.12.6) lib/puma/server.rb:334:in `block in run'
puma (3.12.6) lib/puma/thread_pool.rb:135:in `block in spawn_thread'
Started GET "/produtos" for 127.0.0.1 at 2021-06-16 17:12:27 -0300
Processing by ProdutosController#index as HTML
  Rendering produtos/index.html.erb within layouts/application
  Rendered produtos/index.html.erb within layouts/application (0.5ms)
Completed 200 OK in 17ms (Views: 16.6ms | ActiveRecord: 0.0ms)


Started GET "/produtos" for 127.0.0.1 at 2021-06-16 17:16:38 -0300
  
ActionController::RoutingError (No route matches [GET] "/produtos"):
  
actionpack (5.2.6) lib/action_dispatch/middleware/debug_exceptions.rb:65:in `call'
web-console (3.7.0) lib/web_console/middleware.rb:135:in `call_app'
web-console (3.7.0) lib/web_console/middleware.rb:30:in `block in call'
web-console (3.7.0) lib/web_console/middleware.rb:20:in `catch'
web-console (3.7.0) lib/web_console/middleware.rb:20:in `call'
actionpack (5.2.6) lib/action_dispatch/middleware/show_exceptions.rb:33:in `call'
railties (5.2.6) lib/rails/rack/logger.rb:38:in `call_app'
railties (5.2.6) lib/rails/rack/logger.rb:26:in `block in call'
activesupport (5.2.6) lib/active_support/tagged_logging.rb:71:in `block in tagged'
activesupport (5.2.6) lib/active_support/tagged_logging.rb:28:in `tagged'
activesupport (5.2.6) lib/active_support/tagged_logging.rb:71:in `tagged'
railties (5.2.6) lib/rails/rack/logger.rb:26:in `call'
sprockets-rails (3.2.2) lib/sprockets/rails/quiet_assets.rb:13:in `call'
actionpack (5.2.6) lib/action_dispatch/middleware/remote_ip.rb:81:in `call'
actionpack (5.2.6) lib/action_dispatch/middleware/request_id.rb:27:in `call'
rack (2.2.3) lib/rack/method_override.rb:24:in `call'
rack (2.2.3) lib/rack/runtime.rb:22:in `call'
activesupport (5.2.6) lib/active_support/cache/strategy/local_cache_middleware.rb:29:in `call'
actionpack (5.2.6) lib/action_dispatch/middleware/executor.rb:14:in `call'
actionpack (5.2.6) lib/action_dispatch/middleware/static.rb:127:in `call'
rack (2.2.3) lib/rack/sendfile.rb:110:in `call'
railties (5.2.6) lib/rails/engine.rb:524:in `call'
puma (3.12.6) lib/puma/configuration.rb:227:in `call'
puma (3.12.6) lib/puma/server.rb:706:in `handle_request'
puma (3.12.6) lib/puma/server.rb:476:in `process_client'
puma (3.12.6) lib/puma/server.rb:334:in `block in run'
puma (3.12.6) lib/puma/thread_pool.rb:135:in `block in spawn_thread'
Started GET "/produtos/index" for 127.0.0.1 at 2021-06-16 17:16:48 -0300
Processing by ProdutosController#index as HTML
  Rendering produtos/index.html.erb within layouts/application
  Rendered produtos/index.html.erb within layouts/application (0.4ms)
Completed 200 OK in 36ms (Views: 35.1ms | ActiveRecord: 0.0ms)


Started GET "/produtos/index" for 127.0.0.1 at 2021-06-16 17:19:12 -0300
  [1m[35m (0.3ms)[0m  [1m[35mSET NAMES utf8,  @@SESSION.sql_mode = CONCAT(CONCAT(@@sql_mode, ',STRICT_ALL_TABLES'), ',NO_AUTO_VALUE_ON_ZERO'),  @@SESSION.sql_auto_is_null = 0, @@SESSION.wait_timeout = 2147483[0m
  ↳ /home/gabrielerocha/.rvm/gems/ruby-2.6.1/gems/activerecord-5.2.6/lib/active_record/log_subscriber.rb:98
  [1m[35m (0.3ms)[0m  [1m[34mSELECT `schema_migrations`.`version` FROM `schema_migrations` ORDER BY `schema_migrations`.`version` ASC[0m
  ↳ /home/gabrielerocha/.rvm/gems/ruby-2.6.1/gems/activerecord-5.2.6/lib/active_record/log_subscriber.rb:98
Processing by ProdutosController#index as HTML
  Rendering produtos/index.html.erb within layouts/application
  Rendered produtos/index.html.erb within layouts/application (0.5ms)
Completed 200 OK in 262ms (Views: 257.6ms | ActiveRecord: 0.0ms)


Started GET "/produtos/index" for 127.0.0.1 at 2021-06-16 17:19:19 -0300
Processing by ProdutosController#index as HTML
  Rendering produtos/index.html.erb within layouts/application
  Rendered produtos/index.html.erb within layouts/application (0.3ms)
Completed 200 OK in 15ms (Views: 14.7ms | ActiveRecord: 0.0ms)


Started GET "/produtos" for 127.0.0.1 at 2021-06-17 10:36:47 -0300
  [1m[35m (0.5ms)[0m  [1m[35mSET NAMES utf8,  @@SESSION.sql_mode = CONCAT(CONCAT(@@sql_mode, ',STRICT_ALL_TABLES'), ',NO_AUTO_VALUE_ON_ZERO'),  @@SESSION.sql_auto_is_null = 0, @@SESSION.wait_timeout = 2147483[0m
  ↳ /home/gabrielerocha/.rvm/gems/ruby-2.6.1/gems/activerecord-5.2.6/lib/active_record/log_subscriber.rb:98
  [1m[35m (0.4ms)[0m  [1m[34mSELECT `schema_migrations`.`version` FROM `schema_migrations` ORDER BY `schema_migrations`.`version` ASC[0m
  ↳ /home/gabrielerocha/.rvm/gems/ruby-2.6.1/gems/activerecord-5.2.6/lib/active_record/log_subscriber.rb:98
Processing by ProdutosController#index as HTML
  Rendering produtos/index.html.erb within layouts/application
  [1m[36mProduto Load (0.5ms)[0m  [1m[34mSELECT `produtos`.* FROM `produtos`[0m
  ↳ app/views/produtos/index.html.erb:16
  Rendered produtos/index.html.erb within layouts/application (12.0ms)
Completed 200 OK in 332ms (Views: 319.3ms | ActiveRecord: 3.8ms)


Started GET "/produtos/new" for 127.0.0.1 at 2021-06-17 10:37:01 -0300
Processing by ProdutosController#new as HTML
  Rendering produtos/new.html.erb within layouts/application
  Rendered produtos/_form.html.erb (27.2ms)
  Rendered produtos/new.html.erb within layouts/application (28.4ms)
Completed 200 OK in 45ms (Views: 44.5ms | ActiveRecord: 0.0ms)


Started POST "/produtos" for 127.0.0.1 at 2021-06-17 10:37:13 -0300
Processing by ProdutosController#create as HTML
  Parameters: {"utf8"=>"✓", "authenticity_token"=>"j2yY++7ZqawTkM4OpfjEIpvRCAi4aq8Ej+sjIk5FNWuexj4uh5hRWhEXk6VfUzHOs4JSkf3gd4xWDfTrUBOpTg==", "produto"=>{"name"=>"LG", "code"=>"19283", "price"=>"2000.0"}, "commit"=>"Create Produto"}
  [1m[35m (0.2ms)[0m  [1m[35mBEGIN[0m
  ↳ app/controllers/produtos_controller.rb:27
  [1m[36mProduto Create (0.6ms)[0m  [1m[32mINSERT INTO `produtos` (`name`, `code`, `price`, `created_at`, `updated_at`) VALUES ('LG', '19283', 2000.0, '2021-06-17 13:37:13', '2021-06-17 13:37:13')[0m
  ↳ app/controllers/produtos_controller.rb:27
  [1m[35m (3.5ms)[0m  [1m[35mCOMMIT[0m
  ↳ app/controllers/produtos_controller.rb:27
Redirected to http://localhost:3000/produtos/2
Completed 302 Found in 9ms (ActiveRecord: 4.4ms)


Started GET "/produtos/2" for 127.0.0.1 at 2021-06-17 10:37:13 -0300
Processing by ProdutosController#show as HTML
  Parameters: {"id"=>"2"}
  [1m[36mProduto Load (0.5ms)[0m  [1m[34mSELECT  `produtos`.* FROM `produtos` WHERE `produtos`.`id` = 2 LIMIT 1[0m
  ↳ app/controllers/produtos_controller.rb:62
  Rendering produtos/show.html.erb within layouts/application
  Rendered produtos/show.html.erb within layouts/application (0.9ms)
Completed 200 OK in 20ms (Views: 16.6ms | ActiveRecord: 0.5ms)


Started GET "/produtos" for 127.0.0.1 at 2021-06-17 10:37:15 -0300
Processing by ProdutosController#index as HTML
  Rendering produtos/index.html.erb within layouts/application
  [1m[36mProduto Load (0.4ms)[0m  [1m[34mSELECT `produtos`.* FROM `produtos`[0m
  ↳ app/views/produtos/index.html.erb:16
  Rendered produtos/index.html.erb within layouts/application (2.8ms)
Completed 200 OK in 26ms (Views: 24.6ms | ActiveRecord: 0.4ms)


Started DELETE "/produtos/1" for 127.0.0.1 at 2021-06-17 10:38:17 -0300
Processing by ProdutosController#destroy as HTML
  Parameters: {"authenticity_token"=>"hwiCOylNOWHoh/4hbyfF/9pIU7uli2J2HhqVdWlkiwl4nnTlMP0UryU53fv/MJhxFxqBPL9UWzaY55D+x5JcCQ==", "id"=>"1"}
  [1m[36mProduto Load (0.5ms)[0m  [1m[34mSELECT  `produtos`.* FROM `produtos` WHERE `produtos`.`id` = 1 LIMIT 1[0m
  ↳ app/controllers/produtos_controller.rb:62
  [1m[35m (0.2ms)[0m  [1m[35mBEGIN[0m
  ↳ app/controllers/produtos_controller.rb:52
  [1m[36mProduto Destroy (0.4ms)[0m  [1m[31mDELETE FROM `produtos` WHERE `produtos`.`id` = 1[0m
  ↳ app/controllers/produtos_controller.rb:52
  [1m[35m (21.0ms)[0m  [1m[35mCOMMIT[0m
  ↳ app/controllers/produtos_controller.rb:52
Redirected to http://localhost:3000/produtos
Completed 302 Found in 25ms (ActiveRecord: 22.1ms)


Started GET "/produtos" for 127.0.0.1 at 2021-06-17 10:38:17 -0300
Processing by ProdutosController#index as HTML
  Rendering produtos/index.html.erb within layouts/application
  [1m[36mProduto Load (0.4ms)[0m  [1m[34mSELECT `produtos`.* FROM `produtos`[0m
  ↳ app/views/produtos/index.html.erb:16
  Rendered produtos/index.html.erb within layouts/application (2.2ms)
Completed 200 OK in 17ms (Views: 16.0ms | ActiveRecord: 0.4ms)


Started GET "/produtos" for 127.0.0.1 at 2021-06-17 11:47:30 -0300
  [1m[35m (0.3ms)[0m  [1m[35mSET NAMES utf8,  @@SESSION.sql_mode = CONCAT(CONCAT(@@sql_mode, ',STRICT_ALL_TABLES'), ',NO_AUTO_VALUE_ON_ZERO'),  @@SESSION.sql_auto_is_null = 0, @@SESSION.wait_timeout = 2147483[0m
  ↳ /home/gabrielerocha/.rvm/gems/ruby-2.6.1/gems/activerecord-5.2.6/lib/active_record/log_subscriber.rb:98
  [1m[35m (0.3ms)[0m  [1m[34mSELECT `schema_migrations`.`version` FROM `schema_migrations` ORDER BY `schema_migrations`.`version` ASC[0m
  ↳ /home/gabrielerocha/.rvm/gems/ruby-2.6.1/gems/activerecord-5.2.6/lib/active_record/log_subscriber.rb:98
Processing by ProdutosController#index as HTML
  Rendering produtos/index.html.erb within layouts/application
  [1m[36mProduto Load (0.5ms)[0m  [1m[34mSELECT `produtos`.* FROM `produtos`[0m
  ↳ app/views/produtos/index.html.erb:16
  Rendered produtos/index.html.erb within layouts/application (14.7ms)
Completed 200 OK in 340ms (Views: 328.7ms | ActiveRecord: 3.9ms)


  [1m[35m (0.4ms)[0m  [1m[35mSET NAMES utf8,  @@SESSION.sql_mode = CONCAT(CONCAT(@@sql_mode, ',STRICT_ALL_TABLES'), ',NO_AUTO_VALUE_ON_ZERO'),  @@SESSION.sql_auto_is_null = 0, @@SESSION.wait_timeout = 2147483[0m
  [1m[35m (0.4ms)[0m  [1m[35mBEGIN[0m
  [1m[36mProduto Create (0.5ms)[0m  [1m[32mINSERT INTO `produtos` (`name`, `code`, `price`, `created_at`, `updated_at`) VALUES ('Mac', '5678', 8000.0, '2021-06-17 14:48:39', '2021-06-17 14:48:39')[0m
  [1m[35m (6.8ms)[0m  [1m[35mCOMMIT[0m
Started GET "/produtos" for 127.0.0.1 at 2021-06-17 11:48:53 -0300
  [1m[35m (0.4ms)[0m  [1m[35mSET NAMES utf8,  @@SESSION.sql_mode = CONCAT(CONCAT(@@sql_mode, ',STRICT_ALL_TABLES'), ',NO_AUTO_VALUE_ON_ZERO'),  @@SESSION.sql_auto_is_null = 0, @@SESSION.wait_timeout = 2147483[0m
  ↳ /home/gabrielerocha/.rvm/gems/ruby-2.6.1/gems/activerecord-5.2.6/lib/active_record/log_subscriber.rb:98
  [1m[35m (0.3ms)[0m  [1m[34mSELECT `schema_migrations`.`version` FROM `schema_migrations` ORDER BY `schema_migrations`.`version` ASC[0m
  ↳ /home/gabrielerocha/.rvm/gems/ruby-2.6.1/gems/activerecord-5.2.6/lib/active_record/log_subscriber.rb:98
Processing by ProdutosController#index as HTML
  Rendering produtos/index.html.erb within layouts/application
  [1m[36mProduto Load (0.5ms)[0m  [1m[34mSELECT `produtos`.* FROM `produtos`[0m
  ↳ app/views/produtos/index.html.erb:16
  Rendered produtos/index.html.erb within layouts/application (13.0ms)
Completed 200 OK in 282ms (Views: 271.5ms | ActiveRecord: 4.2ms)


Started GET "/produtos/new" for 127.0.0.1 at 2021-06-17 11:48:55 -0300
Processing by ProdutosController#new as HTML
  Rendering produtos/new.html.erb within layouts/application
  Rendered produtos/_form.html.erb (5.9ms)
  Rendered produtos/new.html.erb within layouts/application (6.9ms)
Completed 200 OK in 30ms (Views: 29.1ms | ActiveRecord: 0.0ms)


Started POST "/produtos" for 127.0.0.1 at 2021-06-17 11:49:11 -0300
Processing by ProdutosController#create as HTML
  Parameters: {"utf8"=>"✓", "authenticity_token"=>"Lf8+/Ywj6+LOSWP79uKwWx3woxD6PtvPTp5V6cO9HY08VZgo5WITFMzOPlAMSUW3NaP5ib+0A0eXeIIg3euBqA==", "produto"=>{"name"=>"samsung", "code"=>"9808", "price"=>"3000.0"}, "commit"=>"Create Produto"}
  [1m[35m (0.3ms)[0m  [1m[35mBEGIN[0m
  ↳ app/controllers/produtos_controller.rb:27
  [1m[36mProduto Create (0.6ms)[0m  [1m[32mINSERT INTO `produtos` (`name`, `code`, `price`, `created_at`, `updated_at`) VALUES ('samsung', '9808', 3000.0, '2021-06-17 14:49:11', '2021-06-17 14:49:11')[0m
  ↳ app/controllers/produtos_controller.rb:27
  [1m[35m (4.4ms)[0m  [1m[35mCOMMIT[0m
  ↳ app/controllers/produtos_controller.rb:27
Redirected to http://localhost:3000/produtos/4
Completed 302 Found in 11ms (ActiveRecord: 5.3ms)


Started GET "/produtos/4" for 127.0.0.1 at 2021-06-17 11:49:11 -0300
Processing by ProdutosController#show as HTML
  Parameters: {"id"=>"4"}
  [1m[36mProduto Load (0.5ms)[0m  [1m[34mSELECT  `produtos`.* FROM `produtos` WHERE `produtos`.`id` = 4 LIMIT 1[0m
  ↳ app/controllers/produtos_controller.rb:62
  Rendering produtos/show.html.erb within layouts/application
  Rendered produtos/show.html.erb within layouts/application (0.8ms)
Completed 200 OK in 25ms (Views: 20.6ms | ActiveRecord: 0.5ms)


Started GET "/produtos" for 127.0.0.1 at 2021-06-17 11:49:13 -0300
Processing by ProdutosController#index as HTML
  Rendering produtos/index.html.erb within layouts/application
  [1m[36mProduto Load (0.4ms)[0m  [1m[34mSELECT `produtos`.* FROM `produtos`[0m
  ↳ app/views/produtos/index.html.erb:16
  Rendered produtos/index.html.erb within layouts/application (2.3ms)
Completed 200 OK in 23ms (Views: 21.5ms | ActiveRecord: 0.4ms)


Started GET "/produtos/4/edit" for 127.0.0.1 at 2021-06-17 11:49:15 -0300
Processing by ProdutosController#edit as HTML
  Parameters: {"id"=>"4"}
  [1m[36mProduto Load (0.4ms)[0m  [1m[34mSELECT  `produtos`.* FROM `produtos` WHERE `produtos`.`id` = 4 LIMIT 1[0m
  ↳ app/controllers/produtos_controller.rb:62
  Rendering produtos/edit.html.erb within layouts/application
  Rendered produtos/_form.html.erb (2.5ms)
  Rendered produtos/edit.html.erb within layouts/application (3.5ms)
Completed 200 OK in 25ms (Views: 22.9ms | ActiveRecord: 0.4ms)


Started PATCH "/produtos/4" for 127.0.0.1 at 2021-06-17 11:49:19 -0300
Processing by ProdutosController#update as HTML
  Parameters: {"utf8"=>"✓", "authenticity_token"=>"Ngi2pP2ZqHmZwO+1ux0FAUUn+5irYYmlt2/BnLcB2fFcroTW0vqiOL9eBeYIQo2f9W4qaw5to/0+7PFW7DqRzg==", "produto"=>{"name"=>"Samsung", "code"=>"9808", "price"=>"3000.0"}, "commit"=>"Update Produto", "id"=>"4"}
  [1m[36mProduto Load (0.4ms)[0m  [1m[34mSELECT  `produtos`.* FROM `produtos` WHERE `produtos`.`id` = 4 LIMIT 1[0m
  ↳ app/controllers/produtos_controller.rb:62
  [1m[35m (0.1ms)[0m  [1m[35mBEGIN[0m
  ↳ app/controllers/produtos_controller.rb:40
  [1m[36mProduto Update (0.4ms)[0m  [1m[33mUPDATE `produtos` SET `name` = 'Samsung', `updated_at` = '2021-06-17 14:49:19' WHERE `produtos`.`id` = 4[0m
  ↳ app/controllers/produtos_controller.rb:40
  [1m[35m (4.3ms)[0m  [1m[35mCOMMIT[0m
  ↳ app/controllers/produtos_controller.rb:40
Redirected to http://localhost:3000/produtos/4
Completed 302 Found in 9ms (ActiveRecord: 5.2ms)


Started GET "/produtos/4" for 127.0.0.1 at 2021-06-17 11:49:19 -0300
Processing by ProdutosController#show as HTML
  Parameters: {"id"=>"4"}
  [1m[36mProduto Load (0.3ms)[0m  [1m[34mSELECT  `produtos`.* FROM `produtos` WHERE `produtos`.`id` = 4 LIMIT 1[0m
  ↳ app/controllers/produtos_controller.rb:62
  Rendering produtos/show.html.erb within layouts/application
  Rendered produtos/show.html.erb within layouts/application (0.6ms)
Completed 200 OK in 20ms (Views: 18.6ms | ActiveRecord: 0.3ms)


Started GET "/produtos" for 127.0.0.1 at 2021-06-17 11:49:21 -0300
Processing by ProdutosController#index as HTML
  Rendering produtos/index.html.erb within layouts/application
  [1m[36mProduto Load (0.4ms)[0m  [1m[34mSELECT `produtos`.* FROM `produtos`[0m
  ↳ app/views/produtos/index.html.erb:16
  Rendered produtos/index.html.erb within layouts/application (2.4ms)
Completed 200 OK in 24ms (Views: 22.3ms | ActiveRecord: 0.4ms)


Started GET "/produtos/new" for 127.0.0.1 at 2021-06-17 11:49:40 -0300
Processing by ProdutosController#new as HTML
  Rendering produtos/new.html.erb within layouts/application
  Rendered produtos/_form.html.erb (2.9ms)
  Rendered produtos/new.html.erb within layouts/application (3.7ms)
Completed 200 OK in 24ms (Views: 23.4ms | ActiveRecord: 0.0ms)


Started POST "/produtos" for 127.0.0.1 at 2021-06-17 11:49:53 -0300
Processing by ProdutosController#create as HTML
  Parameters: {"utf8"=>"✓", "authenticity_token"=>"QWWQ6Wbc4Fm0xqG+Pu41fYoI197IKwOT42lsivycxLJQzzY8D50Yr7ZB/BXERcCRoluNR42h2xs6j7tD4spYlw==", "produto"=>{"name"=>"Dell", "code"=>"3456", "price"=>"4000.0"}, "commit"=>"Create Produto"}
  [1m[35m (0.2ms)[0m  [1m[35mBEGIN[0m
  ↳ app/controllers/produtos_controller.rb:27
  [1m[36mProduto Create (0.5ms)[0m  [1m[32mINSERT INTO `produtos` (`name`, `code`, `price`, `created_at`, `updated_at`) VALUES ('Dell', '3456', 4000.0, '2021-06-17 14:49:53', '2021-06-17 14:49:53')[0m
  ↳ app/controllers/produtos_controller.rb:27
  [1m[35m (4.1ms)[0m  [1m[35mCOMMIT[0m
  ↳ app/controllers/produtos_controller.rb:27
Redirected to http://localhost:3000/produtos/5
Completed 302 Found in 8ms (ActiveRecord: 4.9ms)


Started GET "/produtos/5" for 127.0.0.1 at 2021-06-17 11:49:53 -0300
Processing by ProdutosController#show as HTML
  Parameters: {"id"=>"5"}
  [1m[36mProduto Load (0.3ms)[0m  [1m[34mSELECT  `produtos`.* FROM `produtos` WHERE `produtos`.`id` = 5 LIMIT 1[0m
  ↳ app/controllers/produtos_controller.rb:62
  Rendering produtos/show.html.erb within layouts/application
  Rendered produtos/show.html.erb within layouts/application (0.6ms)
Completed 200 OK in 37ms (Views: 35.8ms | ActiveRecord: 0.3ms)


Started GET "/produtos" for 127.0.0.1 at 2021-06-17 11:49:55 -0300
Processing by ProdutosController#index as HTML
  Rendering produtos/index.html.erb within layouts/application
  [1m[36mProduto Load (0.4ms)[0m  [1m[34mSELECT `produtos`.* FROM `produtos`[0m
  ↳ app/views/produtos/index.html.erb:16
  Rendered produtos/index.html.erb within layouts/application (2.4ms)
Completed 200 OK in 23ms (Views: 21.8ms | ActiveRecord: 0.4ms)


Started GET "/produtos" for 127.0.0.1 at 2021-06-17 11:58:56 -0300
  [1m[35m (0.4ms)[0m  [1m[35mSET NAMES utf8,  @@SESSION.sql_mode = CONCAT(CONCAT(@@sql_mode, ',STRICT_ALL_TABLES'), ',NO_AUTO_VALUE_ON_ZERO'),  @@SESSION.sql_auto_is_null = 0, @@SESSION.wait_timeout = 2147483[0m
  ↳ /home/gabrielerocha/.rvm/gems/ruby-2.6.1/gems/activerecord-5.2.6/lib/active_record/log_subscriber.rb:98
  [1m[35m (0.4ms)[0m  [1m[34mSELECT `schema_migrations`.`version` FROM `schema_migrations` ORDER BY `schema_migrations`.`version` ASC[0m
  ↳ /home/gabrielerocha/.rvm/gems/ruby-2.6.1/gems/activerecord-5.2.6/lib/active_record/log_subscriber.rb:98
Processing by ProdutosController#index as HTML
  Rendering produtos/index.html.erb within layouts/application
  [1m[36mProduto Load (0.5ms)[0m  [1m[34mSELECT `produtos`.* FROM `produtos`[0m
  ↳ app/views/produtos/index.html.erb:16
  Rendered produtos/index.html.erb within layouts/application (122.0ms)
Completed 500 Internal Server Error in 132ms (ActiveRecord: 3.7ms)


  
ActionView::Template::Error (undefined method `css_for' for #<#<Class:0x00007f362cc3ee70>:0x00007f362cc3c9b8>):
    14: 
    15:   <tbody>
    16:     <% @produtos.each do |produto, index| %>
    17:       <tr class="<%= css_for(index) %>">
    18:         <td><%= produto.name %></td>
    19:         <td><%= produto.code %></td>
    20:         <td><%= produto.price %></td>
  
app/views/produtos/index.html.erb:17:in `block in _app_views_produtos_index_html_erb__4309661461151019550_69935328001420'
app/views/produtos/index.html.erb:16:in `_app_views_produtos_index_html_erb__4309661461151019550_69935328001420'
Started GET "/produtos" for 127.0.0.1 at 2021-06-17 12:00:48 -0300
Processing by ProdutosController#index as HTML
  Rendering produtos/index.html.erb within layouts/application
  [1m[36mProduto Load (0.4ms)[0m  [1m[34mSELECT `produtos`.* FROM `produtos`[0m
  ↳ app/views/produtos/index.html.erb:16
  Rendered produtos/index.html.erb within layouts/application (16.0ms)
Completed 500 Internal Server Error in 21ms (ActiveRecord: 3.6ms)


  
ActionView::Template::Error (undefined method `even?' for nil:NilClass):
    14: 
    15:   <tbody>
    16:     <% @produtos.each do |produto, index| %>
    17:       <tr class="<%= css_for(index) %>">
    18:         <td><%= produto.name %></td>
    19:         <td><%= produto.code %></td>
    20:         <td><%= produto.price %></td>
  
app/helpers/produtos_helper.rb:3:in `css_for'
app/views/produtos/index.html.erb:17:in `block in _app_views_produtos_index_html_erb__4309661461151019550_69935329578500'
app/views/produtos/index.html.erb:16:in `_app_views_produtos_index_html_erb__4309661461151019550_69935329578500'
Started GET "/produtos" for 127.0.0.1 at 2021-06-17 12:19:41 -0300
  [1m[35m (0.3ms)[0m  [1m[35mSET NAMES utf8,  @@SESSION.sql_mode = CONCAT(CONCAT(@@sql_mode, ',STRICT_ALL_TABLES'), ',NO_AUTO_VALUE_ON_ZERO'),  @@SESSION.sql_auto_is_null = 0, @@SESSION.wait_timeout = 2147483[0m
  ↳ /home/gabrielerocha/.rvm/gems/ruby-2.6.1/gems/activerecord-5.2.6/lib/active_record/log_subscriber.rb:98
Processing by ProdutosController#index as HTML
  Rendering produtos/index.html.erb within layouts/application
  [1m[36mProduto Load (0.6ms)[0m  [1m[34mSELECT `produtos`.* FROM `produtos`[0m
  ↳ app/views/produtos/index.html.erb:16
  Rendered produtos/index.html.erb within layouts/application (11.6ms)
Completed 500 Internal Server Error in 16ms (ActiveRecord: 4.2ms)


  
ActionView::Template::Error (undefined method `even?' for nil:NilClass):
    14: 
    15:   <tbody>
    16:     <% @produtos.each do |produto, index| %>
    17:       <tr class="<%= css_for(index) %>">
    18:         <td><%= produto.name %></td>
    19:         <td><%= produto.code %></td>
    20:         <td><%= produto.price %></td>
  
app/helpers/produtos_helper.rb:3:in `css_for'
app/views/produtos/index.html.erb:17:in `block in _app_views_produtos_index_html_erb__4309661461151019550_69935328219600'
app/views/produtos/index.html.erb:16:in `_app_views_produtos_index_html_erb__4309661461151019550_69935328219600'
Started GET "/produtos" for 127.0.0.1 at 2021-06-17 12:24:16 -0300
Processing by ProdutosController#index as HTML
  Rendering produtos/index.html.erb within layouts/application
  [1m[36mProduto Load (0.4ms)[0m  [1m[34mSELECT `produtos`.* FROM `produtos`[0m
  ↳ app/views/produtos/index.html.erb:16
  Rendered produtos/index.html.erb within layouts/application (112.8ms)
Completed 500 Internal Server Error in 116ms (ActiveRecord: 3.6ms)


  
ActionView::Template::Error (undefined method `css_for' for #<#<Class:0x00007f362c26bbc8>:0x00007f362c2777e8>):
    20:                     "gray-row"
    21:                   end
    22:     %>
    23:       <tr class="<%= css_for(index) %>">
    24:         <td><%= produto.name %></td>
    25:         <td><%= produto.code %></td>
    26:         <td><%= produto.price %></td>
  
app/views/produtos/index.html.erb:23:in `block in _app_views_produtos_index_html_erb__4309661461151019550_69935322801240'
app/views/produtos/index.html.erb:16:in `each_with_index'
app/views/produtos/index.html.erb:16:in `_app_views_produtos_index_html_erb__4309661461151019550_69935322801240'
Started GET "/produtos" for 127.0.0.1 at 2021-06-17 12:24:40 -0300
Processing by ProdutosController#index as HTML
  Rendering produtos/index.html.erb within layouts/application
  [1m[36mProduto Load (0.5ms)[0m  [1m[34mSELECT `produtos`.* FROM `produtos`[0m
  ↳ app/views/produtos/index.html.erb:16
  Rendered produtos/index.html.erb within layouts/application (3.4ms)
Completed 200 OK in 230ms (Views: 228.8ms | ActiveRecord: 0.5ms)


Started GET "/produtos" for 127.0.0.1 at 2021-06-17 12:29:33 -0300
Processing by ProdutosController#index as HTML
  Rendering produtos/index.html.erb within layouts/application
  [1m[36mProduto Load (0.5ms)[0m  [1m[34mSELECT `produtos`.* FROM `produtos`[0m
  ↳ app/views/produtos/index.html.erb:16
  Rendered produtos/index.html.erb within layouts/application (3.4ms)
Completed 200 OK in 20ms (Views: 18.5ms | ActiveRecord: 0.5ms)


Started GET "/produtos" for 127.0.0.1 at 2021-06-17 12:33:26 -0300
Processing by ProdutosController#index as HTML
  Rendering produtos/index.html.erb within layouts/application
  [1m[36mProduto Load (0.4ms)[0m  [1m[34mSELECT `produtos`.* FROM `produtos`[0m
  ↳ app/views/produtos/index.html.erb:16
  Rendered produtos/index.html.erb within layouts/application (2.3ms)
Completed 200 OK in 20ms (Views: 18.5ms | ActiveRecord: 0.4ms)


Started GET "/produtos" for 127.0.0.1 at 2021-06-17 12:34:49 -0300
Processing by ProdutosController#index as HTML
  Rendering produtos/index.html.erb within layouts/application
  [1m[36mProduto Load (0.3ms)[0m  [1m[34mSELECT `produtos`.* FROM `produtos`[0m
  ↳ app/views/produtos/index.html.erb:16
  Rendered produtos/index.html.erb within layouts/application (1.9ms)
Completed 200 OK in 43ms (Views: 42.2ms | ActiveRecord: 0.3ms)


Started GET "/produtos" for 127.0.0.1 at 2021-06-17 12:38:21 -0300
Processing by ProdutosController#index as HTML
  Rendering produtos/index.html.erb within layouts/application
  [1m[36mProduto Load (0.5ms)[0m  [1m[34mSELECT `produtos`.* FROM `produtos`[0m
  ↳ app/views/produtos/index.html.erb:16
  Rendered produtos/index.html.erb within layouts/application (2.9ms)
Completed 200 OK in 30ms (Views: 29.0ms | ActiveRecord: 0.5ms)


Started GET "/produtos" for 127.0.0.1 at 2021-06-17 12:48:14 -0300
  [1m[35m (0.3ms)[0m  [1m[35mSET NAMES utf8,  @@SESSION.sql_mode = CONCAT(CONCAT(@@sql_mode, ',STRICT_ALL_TABLES'), ',NO_AUTO_VALUE_ON_ZERO'),  @@SESSION.sql_auto_is_null = 0, @@SESSION.wait_timeout = 2147483[0m
  ↳ /home/gabrielerocha/.rvm/gems/ruby-2.6.1/gems/activerecord-5.2.6/lib/active_record/log_subscriber.rb:98
Processing by ProdutosController#index as HTML
  Rendering produtos/index.html.erb within layouts/application
  [1m[36mProduto Load (0.5ms)[0m  [1m[34mSELECT `produtos`.* FROM `produtos`[0m
  ↳ app/views/produtos/index.html.erb:16
  Rendered produtos/index.html.erb within layouts/application (2.5ms)
Completed 200 OK in 19ms (Views: 17.0ms | ActiveRecord: 0.5ms)


Started GET "/produtos" for 127.0.0.1 at 2021-06-17 12:52:18 -0300
Processing by ProdutosController#index as HTML
  Rendering produtos/index.html.erb within layouts/application
  [1m[36mProduto Load (0.5ms)[0m  [1m[34mSELECT `produtos`.* FROM `produtos`[0m
  ↳ app/views/produtos/index.html.erb:16
  Rendered produtos/index.html.erb within layouts/application (2.9ms)
Completed 200 OK in 20ms (Views: 18.3ms | ActiveRecord: 0.5ms)


Started GET "/produtos" for 127.0.0.1 at 2021-06-17 12:53:18 -0300
Processing by ProdutosController#index as HTML
  Rendering produtos/index.html.erb within layouts/application
  [1m[36mProduto Load (0.3ms)[0m  [1m[34mSELECT `produtos`.* FROM `produtos`[0m
  ↳ app/views/produtos/index.html.erb:16
  Rendered produtos/index.html.erb within layouts/application (2.1ms)
Completed 200 OK in 27ms (Views: 25.6ms | ActiveRecord: 0.3ms)


Started GET "/produtos" for 127.0.0.1 at 2021-06-17 14:52:05 -0300
  [1m[35m (0.3ms)[0m  [1m[35mSET NAMES utf8,  @@SESSION.sql_mode = CONCAT(CONCAT(@@sql_mode, ',STRICT_ALL_TABLES'), ',NO_AUTO_VALUE_ON_ZERO'),  @@SESSION.sql_auto_is_null = 0, @@SESSION.wait_timeout = 2147483[0m
  ↳ /home/gabrielerocha/.rvm/gems/ruby-2.6.1/gems/activerecord-5.2.6/lib/active_record/log_subscriber.rb:98
Processing by ProdutosController#index as HTML
  Rendering produtos/index.html.erb within layouts/application
  [1m[36mProduto Load (0.5ms)[0m  [1m[34mSELECT `produtos`.* FROM `produtos`[0m
  ↳ app/views/produtos/index.html.erb:16
  Rendered produtos/index.html.erb within layouts/application (4.1ms)
Completed 200 OK in 19ms (Views: 17.7ms | ActiveRecord: 0.5ms)


Started GET "/produtos/new" for 127.0.0.1 at 2021-06-17 15:01:06 -0300
  [1m[35m (0.5ms)[0m  [1m[35mSET NAMES utf8,  @@SESSION.sql_mode = CONCAT(CONCAT(@@sql_mode, ',STRICT_ALL_TABLES'), ',NO_AUTO_VALUE_ON_ZERO'),  @@SESSION.sql_auto_is_null = 0, @@SESSION.wait_timeout = 2147483[0m
  ↳ /home/gabrielerocha/.rvm/gems/ruby-2.6.1/gems/activerecord-5.2.6/lib/active_record/log_subscriber.rb:98
Processing by ProdutosController#new as HTML
  Rendering produtos/new.html.erb within layouts/application
  Rendered produtos/_form.html.erb (15.7ms)
  Rendered produtos/new.html.erb within layouts/application (16.9ms)
Completed 200 OK in 37ms (Views: 36.1ms | ActiveRecord: 0.0ms)


Started POST "/produtos" for 127.0.0.1 at 2021-06-17 15:01:26 -0300
Processing by ProdutosController#create as HTML
  Parameters: {"utf8"=>"✓", "authenticity_token"=>"gNi3R5fMH8ecORYe6so+3/Gd5b0U8UxSWE3r8DreP3WRchGS/o3nMZ6+S7UQYcsz2c6/JFF7lNqBqzw5JIijUA==", "produto"=>{"name"=>"Apple", "code"=>"56578", "price"=>"600.0"}, "commit"=>"Create Produto"}
  [1m[35m (0.3ms)[0m  [1m[35mBEGIN[0m
  ↳ app/controllers/produtos_controller.rb:27
  [1m[36mProduto Create (0.4ms)[0m  [1m[32mINSERT INTO `produtos` (`name`, `code`, `price`, `created_at`, `updated_at`) VALUES ('Apple', '56578', 600.0, '2021-06-17 18:01:26', '2021-06-17 18:01:26')[0m
  ↳ app/controllers/produtos_controller.rb:27
  [1m[35m (3.5ms)[0m  [1m[35mCOMMIT[0m
  ↳ app/controllers/produtos_controller.rb:27
Redirected to http://localhost:3000/produtos/6
Completed 302 Found in 8ms (ActiveRecord: 4.2ms)


Started GET "/produtos/6" for 127.0.0.1 at 2021-06-17 15:01:26 -0300
Processing by ProdutosController#show as HTML
  Parameters: {"id"=>"6"}
  [1m[36mProduto Load (0.6ms)[0m  [1m[34mSELECT  `produtos`.* FROM `produtos` WHERE `produtos`.`id` = 6 LIMIT 1[0m
  ↳ app/controllers/produtos_controller.rb:62
  Rendering produtos/show.html.erb within layouts/application
  Rendered produtos/show.html.erb within layouts/application (0.8ms)
Completed 200 OK in 40ms (Views: 37.8ms | ActiveRecord: 0.6ms)


Started GET "/produtos" for 127.0.0.1 at 2021-06-17 15:01:31 -0300
Processing by ProdutosController#index as HTML
  Rendering produtos/index.html.erb within layouts/application
  [1m[36mProduto Load (0.4ms)[0m  [1m[34mSELECT `produtos`.* FROM `produtos`[0m
  ↳ app/views/produtos/index.html.erb:16
  Rendered produtos/index.html.erb within layouts/application (3.9ms)
Completed 200 OK in 26ms (Views: 24.1ms | ActiveRecord: 0.4ms)


Started GET "/produtos" for 127.0.0.1 at 2021-06-17 15:06:50 -0300
Processing by ProdutosController#index as HTML
  Rendering produtos/index.html.erb within layouts/application
  [1m[36mProduto Load (0.4ms)[0m  [1m[34mSELECT `produtos`.* FROM `produtos`[0m
  ↳ app/views/produtos/index.html.erb:16
  Rendered produtos/index.html.erb within layouts/application (2.4ms)
Completed 200 OK in 21ms (Views: 19.4ms | ActiveRecord: 0.4ms)


Started GET "/produtos" for 127.0.0.1 at 2021-06-17 15:08:34 -0300
Processing by ProdutosController#index as HTML
  Rendering produtos/index.html.erb within layouts/application
  Rendered produtos/index.html.erb within layouts/application (0.6ms)
Completed 500 Internal Server Error in 2ms (ActiveRecord: 0.0ms)


  
SyntaxError (/home/gabrielerocha/codes-RailsBasico/Modulos 17-18-19/exemplo/app/views/produtos/index.html.erb:17: syntax error, unexpected ':', expecting end
...  css_class = background-color: gray;
...                              ^
/home/gabrielerocha/codes-RailsBasico/Modulos 17-18-19/exemplo/app/views/produtos/index.html.erb:36: syntax error, unexpected ensure, expecting end-of-input
          ensure
          ^~~~~~):
  
app/views/produtos/index.html.erb:17: syntax error, unexpected ':', expecting end
app/views/produtos/index.html.erb:36: syntax error, unexpected ensure, expecting end-of-input
Started GET "/produtos" for 127.0.0.1 at 2021-06-17 15:11:30 -0300
Processing by ProdutosController#index as HTML
  Rendering produtos/index.html.erb within layouts/application
  [1m[36mProduto Load (0.7ms)[0m  [1m[34mSELECT `produtos`.* FROM `produtos`[0m
  ↳ app/views/produtos/index.html.erb:16
  Rendered produtos/index.html.erb within layouts/application (3.2ms)
Completed 200 OK in 22ms (Views: 20.6ms | ActiveRecord: 0.7ms)


Started GET "/produtos" for 127.0.0.1 at 2021-06-17 15:12:48 -0300
Processing by ProdutosController#index as HTML
  Rendering produtos/index.html.erb within layouts/application
  [1m[36mProduto Load (0.4ms)[0m  [1m[34mSELECT `produtos`.* FROM `produtos`[0m
  ↳ app/views/produtos/index.html.erb:16
  Rendered produtos/index.html.erb within layouts/application (2.9ms)
Completed 200 OK in 38ms (Views: 36.6ms | ActiveRecord: 0.4ms)


Started GET "/produtos" for 127.0.0.1 at 2021-06-17 15:13:29 -0300
Processing by ProdutosController#index as HTML
  Rendering produtos/index.html.erb within layouts/application
  [1m[36mProduto Load (0.5ms)[0m  [1m[34mSELECT `produtos`.* FROM `produtos`[0m
  ↳ app/views/produtos/index.html.erb:16
  Rendered produtos/index.html.erb within layouts/application (3.0ms)
Completed 200 OK in 19ms (Views: 17.8ms | ActiveRecord: 0.5ms)


Started GET "/produtos" for 127.0.0.1 at 2021-06-17 15:17:04 -0300
Processing by ProdutosController#index as HTML
  Rendering produtos/index.html.erb within layouts/application
  [1m[36mProduto Load (0.4ms)[0m  [1m[34mSELECT `produtos`.* FROM `produtos`[0m
  ↳ app/views/produtos/index.html.erb:16
  Rendered produtos/index.html.erb within layouts/application (13.7ms)
Completed 200 OK in 31ms (Views: 23.1ms | ActiveRecord: 6.0ms)


