  [1m[35m (0.2ms)[0m  [1m[34mSELECT sqlite_version(*)[0m
  ↳ /home/gabrielerocha/.rvm/gems/ruby-2.6.1/bin/rake:23
  [1m[35m (9.9ms)[0m  [1m[35mCREATE TABLE "schema_migrations" ("version" varchar NOT NULL PRIMARY KEY)[0m
  ↳ /home/gabrielerocha/.rvm/gems/ruby-2.6.1/bin/rake:23
  [1m[35m (4.8ms)[0m  [1m[35mCREATE TABLE "ar_internal_metadata" ("key" varchar NOT NULL PRIMARY KEY, "value" varchar, "created_at" datetime NOT NULL, "updated_at" datetime NOT NULL)[0m
  ↳ /home/gabrielerocha/.rvm/gems/ruby-2.6.1/bin/rake:23
  [1m[35m (0.2ms)[0m  [1m[34mSELECT "schema_migrations"."version" FROM "schema_migrations" ORDER BY "schema_migrations"."version" ASC[0m
  ↳ /home/gabrielerocha/.rvm/gems/ruby-2.6.1/bin/rake:23
Migrating to CreateProdutos (20210618193508)
  [1m[35m (0.1ms)[0m  [1m[36mbegin transaction[0m
  ↳ /home/gabrielerocha/.rvm/gems/ruby-2.6.1/bin/rake:23
  [1m[35m (0.5ms)[0m  [1m[35mCREATE TABLE "produtos" ("id" integer PRIMARY KEY AUTOINCREMENT NOT NULL, "nome" varchar, "preco" float, "quantidade" integer, "created_at" datetime NOT NULL, "updated_at" datetime NOT NULL)[0m
  ↳ db/migrate/20210618193508_create_produtos.rb:3
  [1m[36mActiveRecord::SchemaMigration Create (0.2ms)[0m  [1m[32mINSERT INTO "schema_migrations" ("version") VALUES (?)[0m  [["version", "20210618193508"]]
  ↳ /home/gabrielerocha/.rvm/gems/ruby-2.6.1/bin/rake:23
  [1m[35m (14.9ms)[0m  [1m[36mcommit transaction[0m
  ↳ /home/gabrielerocha/.rvm/gems/ruby-2.6.1/bin/rake:23
  [1m[36mActiveRecord::InternalMetadata Load (0.2ms)[0m  [1m[34mSELECT  "ar_internal_metadata".* FROM "ar_internal_metadata" WHERE "ar_internal_metadata"."key" = ? LIMIT ?[0m  [["key", "environment"], ["LIMIT", 1]]
  ↳ /home/gabrielerocha/.rvm/gems/ruby-2.6.1/bin/rake:23
  [1m[35m (0.1ms)[0m  [1m[36mbegin transaction[0m
  ↳ /home/gabrielerocha/.rvm/gems/ruby-2.6.1/bin/rake:23
  [1m[36mActiveRecord::InternalMetadata Create (0.4ms)[0m  [1m[32mINSERT INTO "ar_internal_metadata" ("key", "value", "created_at", "updated_at") VALUES (?, ?, ?, ?)[0m  [["key", "environment"], ["value", "development"], ["created_at", "2021-06-18 19:35:18.908474"], ["updated_at", "2021-06-18 19:35:18.908474"]]
  ↳ /home/gabrielerocha/.rvm/gems/ruby-2.6.1/bin/rake:23
  [1m[35m (3.4ms)[0m  [1m[36mcommit transaction[0m
  ↳ /home/gabrielerocha/.rvm/gems/ruby-2.6.1/bin/rake:23
  [1m[35m (0.1ms)[0m  [1m[34mSELECT "schema_migrations"."version" FROM "schema_migrations" ORDER BY "schema_migrations"."version" ASC[0m
  ↳ /home/gabrielerocha/.rvm/gems/ruby-2.6.1/bin/rake:23
  [1m[35m (0.2ms)[0m  [1m[34mSELECT "schema_migrations"."version" FROM "schema_migrations" ORDER BY "schema_migrations"."version" ASC[0m
  ↳ /home/gabrielerocha/.rvm/gems/ruby-2.6.1/bin/rake:23
  [1m[35m (0.2ms)[0m  [1m[34mSELECT "ar_internal_metadata"."value" FROM "ar_internal_metadata" WHERE "ar_internal_metadata"."key" = ?[0m  [["key", "environment"]]
  ↳ /home/gabrielerocha/.rvm/gems/ruby-2.6.1/bin/rake:23
  [1m[35m (0.1ms)[0m  [1m[34mSELECT "schema_migrations"."version" FROM "schema_migrations" ORDER BY "schema_migrations"."version" ASC[0m
  ↳ /home/gabrielerocha/.rvm/gems/ruby-2.6.1/bin/rake:23
  [1m[35m (0.1ms)[0m  [1m[34mSELECT "ar_internal_metadata"."value" FROM "ar_internal_metadata" WHERE "ar_internal_metadata"."key" = ?[0m  [["key", "environment"]]
  ↳ /home/gabrielerocha/.rvm/gems/ruby-2.6.1/bin/rake:23
  [1m[35m (0.1ms)[0m  [1m[34mSELECT "schema_migrations"."version" FROM "schema_migrations" ORDER BY "schema_migrations"."version" ASC[0m
  ↳ /home/gabrielerocha/.rvm/gems/ruby-2.6.1/bin/rake:23
  [1m[35m (0.1ms)[0m  [1m[34mSELECT "ar_internal_metadata"."value" FROM "ar_internal_metadata" WHERE "ar_internal_metadata"."key" = ?[0m  [["key", "environment"]]
  ↳ /home/gabrielerocha/.rvm/gems/ruby-2.6.1/bin/rake:23
  [1m[35m (4.4ms)[0m  [1m[35mDROP TABLE IF EXISTS "produtos"[0m
  ↳ db/schema.rb:15
  [1m[35m (0.1ms)[0m  [1m[34mSELECT sqlite_version(*)[0m
  ↳ db/schema.rb:15
  [1m[35m (3.7ms)[0m  [1m[35mCREATE TABLE "produtos" ("id" integer PRIMARY KEY AUTOINCREMENT NOT NULL, "nome" varchar, "preco" float, "quantidade" integer, "created_at" datetime NOT NULL, "updated_at" datetime NOT NULL)[0m
  ↳ db/schema.rb:15
  [1m[35m (0.2ms)[0m  [1m[34mSELECT "schema_migrations"."version" FROM "schema_migrations" ORDER BY "schema_migrations"."version" ASC[0m
  ↳ db/schema.rb:13
  [1m[36mActiveRecord::InternalMetadata Load (0.2ms)[0m  [1m[34mSELECT  "ar_internal_metadata".* FROM "ar_internal_metadata" WHERE "ar_internal_metadata"."key" = ? LIMIT ?[0m  [["key", "environment"], ["LIMIT", 1]]
  ↳ db/schema.rb:13
  [1m[35m (0.1ms)[0m  [1m[36mbegin transaction[0m
  ↳ db/schema.rb:13
  [1m[35m (0.1ms)[0m  [1m[36mcommit transaction[0m
  ↳ db/schema.rb:13
  [1m[36mActiveRecord::InternalMetadata Load (0.1ms)[0m  [1m[34mSELECT  "ar_internal_metadata".* FROM "ar_internal_metadata" WHERE "ar_internal_metadata"."key" = ? LIMIT ?[0m  [["key", "environment"], ["LIMIT", 1]]
  ↳ /home/gabrielerocha/.rvm/gems/ruby-2.6.1/bin/rake:23
  [1m[35m (0.4ms)[0m  [1m[36mbegin transaction[0m
  ↳ /home/gabrielerocha/.rvm/gems/ruby-2.6.1/bin/rake:23
  [1m[35m (0.1ms)[0m  [1m[36mcommit transaction[0m
  ↳ /home/gabrielerocha/.rvm/gems/ruby-2.6.1/bin/rake:23
  [1m[35m (0.1ms)[0m  [1m[35mDROP TABLE IF EXISTS "produtos"[0m
  ↳ db/schema.rb:15
  [1m[35m (0.1ms)[0m  [1m[34mSELECT sqlite_version(*)[0m
  ↳ db/schema.rb:15
  [1m[35m (4.8ms)[0m  [1m[35mCREATE TABLE "produtos" ("id" integer PRIMARY KEY AUTOINCREMENT NOT NULL, "nome" varchar, "preco" float, "quantidade" integer, "created_at" datetime NOT NULL, "updated_at" datetime NOT NULL)[0m
  ↳ db/schema.rb:15
  [1m[35m (4.6ms)[0m  [1m[35mCREATE TABLE "schema_migrations" ("version" varchar NOT NULL PRIMARY KEY)[0m
  ↳ db/schema.rb:13
  [1m[35m (0.2ms)[0m  [1m[34mSELECT "schema_migrations"."version" FROM "schema_migrations" ORDER BY "schema_migrations"."version" ASC[0m
  ↳ db/schema.rb:13
  [1m[35m (3.6ms)[0m  [1m[32mINSERT INTO "schema_migrations" (version) VALUES (20210618193508)[0m
  ↳ db/schema.rb:13
  [1m[35m (14.6ms)[0m  [1m[35mCREATE TABLE "ar_internal_metadata" ("key" varchar NOT NULL PRIMARY KEY, "value" varchar, "created_at" datetime NOT NULL, "updated_at" datetime NOT NULL)[0m
  ↳ db/schema.rb:13
  [1m[36mActiveRecord::InternalMetadata Load (0.2ms)[0m  [1m[34mSELECT  "ar_internal_metadata".* FROM "ar_internal_metadata" WHERE "ar_internal_metadata"."key" = ? LIMIT ?[0m  [["key", "environment"], ["LIMIT", 1]]
  ↳ db/schema.rb:13
  [1m[35m (0.1ms)[0m  [1m[36mbegin transaction[0m
  ↳ db/schema.rb:13
  [1m[36mActiveRecord::InternalMetadata Create (0.3ms)[0m  [1m[32mINSERT INTO "ar_internal_metadata" ("key", "value", "created_at", "updated_at") VALUES (?, ?, ?, ?)[0m  [["key", "environment"], ["value", "development"], ["created_at", "2021-06-18 19:35:28.116514"], ["updated_at", "2021-06-18 19:35:28.116514"]]
  ↳ db/schema.rb:13
  [1m[35m (3.4ms)[0m  [1m[36mcommit transaction[0m
  ↳ db/schema.rb:13
  [1m[36mActiveRecord::InternalMetadata Load (0.1ms)[0m  [1m[34mSELECT  "ar_internal_metadata".* FROM "ar_internal_metadata" WHERE "ar_internal_metadata"."key" = ? LIMIT ?[0m  [["key", "environment"], ["LIMIT", 1]]
  ↳ /home/gabrielerocha/.rvm/gems/ruby-2.6.1/bin/rake:23
  [1m[35m (0.1ms)[0m  [1m[36mbegin transaction[0m
  ↳ /home/gabrielerocha/.rvm/gems/ruby-2.6.1/bin/rake:23
  [1m[36mActiveRecord::InternalMetadata Update (0.3ms)[0m  [1m[33mUPDATE "ar_internal_metadata" SET "value" = ?, "updated_at" = ? WHERE "ar_internal_metadata"."key" = ?[0m  [["value", "test"], ["updated_at", "2021-06-18 19:35:28.124701"], ["key", "environment"]]
  ↳ /home/gabrielerocha/.rvm/gems/ruby-2.6.1/bin/rake:23
  [1m[35m (3.4ms)[0m  [1m[36mcommit transaction[0m
  ↳ /home/gabrielerocha/.rvm/gems/ruby-2.6.1/bin/rake:23
  [1m[35m (0.1ms)[0m  [1m[34mSELECT "schema_migrations"."version" FROM "schema_migrations" ORDER BY "schema_migrations"."version" ASC[0m
  ↳ /home/gabrielerocha/.rvm/gems/ruby-2.6.1/bin/rake:23
Started GET "/produtos" for 127.0.0.1 at 2021-06-18 16:35:54 -0300
  [1m[35m (1.4ms)[0m  [1m[34mSELECT "schema_migrations"."version" FROM "schema_migrations" ORDER BY "schema_migrations"."version" ASC[0m
  ↳ /home/gabrielerocha/.rvm/gems/ruby-2.6.1/gems/activerecord-5.2.6/lib/active_record/log_subscriber.rb:98
Processing by ProdutosController#index as HTML
  Rendering produtos/index.html.erb within layouts/application
  [1m[36mProduto Load (0.2ms)[0m  [1m[34mSELECT "produtos".* FROM "produtos"[0m
  ↳ app/views/produtos/index.html.erb:16
  Rendered produtos/index.html.erb within layouts/application (7.6ms)
Completed 200 OK in 2176ms (Views: 2157.9ms | ActiveRecord: 0.6ms)


Started GET "/produtos/new" for 127.0.0.1 at 2021-06-18 16:36:07 -0300
Processing by ProdutosController#new as HTML
  Rendering produtos/new.html.erb within layouts/application
  Rendered produtos/_form.html.erb (26.2ms)
  Rendered produtos/new.html.erb within layouts/application (28.2ms)
Completed 200 OK in 76ms (Views: 60.9ms | ActiveRecord: 0.7ms)


Started POST "/produtos" for 127.0.0.1 at 2021-06-18 16:36:17 -0300
Processing by ProdutosController#create as HTML
  Parameters: {"utf8"=>"✓", "authenticity_token"=>"ye+jzlo7S9lz24pIDfybtECZz6KI9cM5Wlksp/YP5Z2ffqevmxZGVQF2v5b5oO5p4Zz0ld4XdjZxyv0ScbdW8Q==", "produto"=>{"nome"=>"xilito", "preco"=>"2.50", "quantidade"=>"5"}, "commit"=>"Create Produto"}
  [1m[35m (0.1ms)[0m  [1m[36mbegin transaction[0m
  ↳ app/controllers/produtos_controller.rb:27
  [1m[36mProduto Create (0.5ms)[0m  [1m[32mINSERT INTO "produtos" ("nome", "preco", "quantidade", "created_at", "updated_at") VALUES (?, ?, ?, ?, ?)[0m  [["nome", "xilito"], ["preco", 2.5], ["quantidade", 5], ["created_at", "2021-06-18 19:36:18.003710"], ["updated_at", "2021-06-18 19:36:18.003710"]]
  ↳ app/controllers/produtos_controller.rb:27
  [1m[35m (3.7ms)[0m  [1m[36mcommit transaction[0m
  ↳ app/controllers/produtos_controller.rb:27
Redirected to http://localhost:3000/produtos/1
Completed 302 Found in 12ms (ActiveRecord: 4.3ms)


Started GET "/produtos/1" for 127.0.0.1 at 2021-06-18 16:36:18 -0300
Processing by ProdutosController#show as HTML
  Parameters: {"id"=>"1"}
  [1m[36mProduto Load (0.4ms)[0m  [1m[34mSELECT  "produtos".* FROM "produtos" WHERE "produtos"."id" = ? LIMIT ?[0m  [["id", 1], ["LIMIT", 1]]
  ↳ app/controllers/produtos_controller.rb:62
  Rendering produtos/show.html.erb within layouts/application
  Rendered produtos/show.html.erb within layouts/application (1.3ms)
Completed 200 OK in 29ms (Views: 24.9ms | ActiveRecord: 0.4ms)


Started GET "/produtos" for 127.0.0.1 at 2021-06-18 16:36:19 -0300
Processing by ProdutosController#index as HTML
  Rendering produtos/index.html.erb within layouts/application
  [1m[36mProduto Load (0.1ms)[0m  [1m[34mSELECT "produtos".* FROM "produtos"[0m
  ↳ app/views/produtos/index.html.erb:16
  Rendered produtos/index.html.erb within layouts/application (2.2ms)
Completed 200 OK in 38ms (Views: 36.0ms | ActiveRecord: 0.1ms)


Started GET "/produtos/1" for 127.0.0.1 at 2021-06-18 16:36:26 -0300
Processing by ProdutosController#show as HTML
  Parameters: {"id"=>"1"}
  [1m[36mProduto Load (0.2ms)[0m  [1m[34mSELECT  "produtos".* FROM "produtos" WHERE "produtos"."id" = ? LIMIT ?[0m  [["id", 1], ["LIMIT", 1]]
  ↳ app/controllers/produtos_controller.rb:62
  Rendering produtos/show.html.erb within layouts/application
  Rendered produtos/show.html.erb within layouts/application (1.2ms)
Completed 200 OK in 34ms (Views: 31.3ms | ActiveRecord: 0.2ms)


Started GET "/produtos" for 127.0.0.1 at 2021-06-18 16:36:27 -0300
Processing by ProdutosController#index as HTML
  Rendering produtos/index.html.erb within layouts/application
  [1m[36mProduto Load (0.2ms)[0m  [1m[34mSELECT "produtos".* FROM "produtos"[0m
  ↳ app/views/produtos/index.html.erb:16
  Rendered produtos/index.html.erb within layouts/application (3.0ms)
Completed 200 OK in 38ms (Views: 35.8ms | ActiveRecord: 0.2ms)


Started DELETE "/produtos/1" for 127.0.0.1 at 2021-06-18 16:36:29 -0300
Processing by ProdutosController#destroy as HTML
  Parameters: {"authenticity_token"=>"PUI/YVTLGA4nj716fPRxtNG+dn8RdcIB+csrmbfL3SEyENj/7jW6TL6TZ6wtq2Xp3bCrd8/Lko3CBqVqKz7igw==", "id"=>"1"}
  [1m[36mProduto Load (0.2ms)[0m  [1m[34mSELECT  "produtos".* FROM "produtos" WHERE "produtos"."id" = ? LIMIT ?[0m  [["id", 1], ["LIMIT", 1]]
  ↳ app/controllers/produtos_controller.rb:62
  [1m[35m (0.1ms)[0m  [1m[36mbegin transaction[0m
  ↳ app/controllers/produtos_controller.rb:52
  [1m[36mProduto Destroy (0.3ms)[0m  [1m[31mDELETE FROM "produtos" WHERE "produtos"."id" = ?[0m  [["id", 1]]
  ↳ app/controllers/produtos_controller.rb:52
  [1m[35m (6.6ms)[0m  [1m[36mcommit transaction[0m
  ↳ app/controllers/produtos_controller.rb:52
Redirected to http://localhost:3000/produtos
Completed 302 Found in 13ms (ActiveRecord: 7.3ms)


Started GET "/produtos" for 127.0.0.1 at 2021-06-18 16:36:30 -0300
Processing by ProdutosController#index as HTML
  Rendering produtos/index.html.erb within layouts/application
  [1m[36mProduto Load (0.1ms)[0m  [1m[34mSELECT "produtos".* FROM "produtos"[0m
  ↳ app/views/produtos/index.html.erb:16
  Rendered produtos/index.html.erb within layouts/application (1.5ms)
Completed 200 OK in 26ms (Views: 25.1ms | ActiveRecord: 0.1ms)


Started GET "/produtos" for 127.0.0.1 at 2021-06-21 09:57:05 -0300
  [1m[35m (0.4ms)[0m  [1m[34mSELECT "schema_migrations"."version" FROM "schema_migrations" ORDER BY "schema_migrations"."version" ASC[0m
  ↳ /home/gabrielerocha/.rvm/gems/ruby-2.6.1/gems/activerecord-5.2.6/lib/active_record/log_subscriber.rb:98
Processing by ProdutosController#index as HTML
  Rendering produtos/index.html.erb within layouts/application
  [1m[36mProduto Load (0.2ms)[0m  [1m[34mSELECT "produtos".* FROM "produtos"[0m
  ↳ app/views/produtos/index.html.erb:16
  Rendered produtos/index.html.erb within layouts/application (8.7ms)
Completed 200 OK in 309ms (Views: 291.6ms | ActiveRecord: 0.6ms)


Started GET "/products" for 127.0.0.1 at 2021-06-21 09:57:27 -0300
  
ActionController::RoutingError (No route matches [GET] "/products"):
  
actionpack (5.2.6) lib/action_dispatch/middleware/debug_exceptions.rb:65:in `call'
web-console (3.7.0) lib/web_console/middleware.rb:135:in `call_app'
web-console (3.7.0) lib/web_console/middleware.rb:30:in `block in call'
web-console (3.7.0) lib/web_console/middleware.rb:20:in `catch'
web-console (3.7.0) lib/web_console/middleware.rb:20:in `call'
actionpack (5.2.6) lib/action_dispatch/middleware/show_exceptions.rb:33:in `call'
railties (5.2.6) lib/rails/rack/logger.rb:38:in `call_app'
railties (5.2.6) lib/rails/rack/logger.rb:26:in `block in call'
activesupport (5.2.6) lib/active_support/tagged_logging.rb:71:in `block in tagged'
activesupport (5.2.6) lib/active_support/tagged_logging.rb:28:in `tagged'
activesupport (5.2.6) lib/active_support/tagged_logging.rb:71:in `tagged'
railties (5.2.6) lib/rails/rack/logger.rb:26:in `call'
sprockets-rails (3.2.2) lib/sprockets/rails/quiet_assets.rb:13:in `call'
actionpack (5.2.6) lib/action_dispatch/middleware/remote_ip.rb:81:in `call'
actionpack (5.2.6) lib/action_dispatch/middleware/request_id.rb:27:in `call'
rack (2.2.3) lib/rack/method_override.rb:24:in `call'
rack (2.2.3) lib/rack/runtime.rb:22:in `call'
activesupport (5.2.6) lib/active_support/cache/strategy/local_cache_middleware.rb:29:in `call'
actionpack (5.2.6) lib/action_dispatch/middleware/executor.rb:14:in `call'
actionpack (5.2.6) lib/action_dispatch/middleware/static.rb:127:in `call'
rack (2.2.3) lib/rack/sendfile.rb:110:in `call'
railties (5.2.6) lib/rails/engine.rb:524:in `call'
puma (3.12.6) lib/puma/configuration.rb:227:in `call'
puma (3.12.6) lib/puma/server.rb:706:in `handle_request'
puma (3.12.6) lib/puma/server.rb:476:in `process_client'
puma (3.12.6) lib/puma/server.rb:334:in `block in run'
puma (3.12.6) lib/puma/thread_pool.rb:135:in `block in spawn_thread'
Started GET "/produtos/index" for 127.0.0.1 at 2021-06-21 09:57:48 -0300
Processing by ProdutosController#show as HTML
  Parameters: {"id"=>"index"}
  [1m[36mProduto Load (0.2ms)[0m  [1m[34mSELECT  "produtos".* FROM "produtos" WHERE "produtos"."id" = ? LIMIT ?[0m  [["id", 0], ["LIMIT", 1]]
  ↳ app/controllers/produtos_controller.rb:62
Completed 404 Not Found in 4ms (ActiveRecord: 0.7ms)


  
ActiveRecord::RecordNotFound (Couldn't find Produto with 'id'=index):
  
app/controllers/produtos_controller.rb:62:in `set_produto'
Started GET "/produtos" for 127.0.0.1 at 2021-06-21 09:57:52 -0300
Processing by ProdutosController#index as HTML
  Rendering produtos/index.html.erb within layouts/application
  [1m[36mProduto Load (0.1ms)[0m  [1m[34mSELECT "produtos".* FROM "produtos"[0m
  ↳ app/views/produtos/index.html.erb:16
  Rendered produtos/index.html.erb within layouts/application (3.2ms)
Completed 200 OK in 33ms (Views: 31.2ms | ActiveRecord: 0.1ms)


Started GET "/admin" for 127.0.0.1 at 2021-06-21 09:58:07 -0300
  
ActionController::RoutingError (No route matches [GET] "/admin"):
  
actionpack (5.2.6) lib/action_dispatch/middleware/debug_exceptions.rb:65:in `call'
web-console (3.7.0) lib/web_console/middleware.rb:135:in `call_app'
web-console (3.7.0) lib/web_console/middleware.rb:30:in `block in call'
web-console (3.7.0) lib/web_console/middleware.rb:20:in `catch'
web-console (3.7.0) lib/web_console/middleware.rb:20:in `call'
actionpack (5.2.6) lib/action_dispatch/middleware/show_exceptions.rb:33:in `call'
railties (5.2.6) lib/rails/rack/logger.rb:38:in `call_app'
railties (5.2.6) lib/rails/rack/logger.rb:26:in `block in call'
activesupport (5.2.6) lib/active_support/tagged_logging.rb:71:in `block in tagged'
activesupport (5.2.6) lib/active_support/tagged_logging.rb:28:in `tagged'
activesupport (5.2.6) lib/active_support/tagged_logging.rb:71:in `tagged'
railties (5.2.6) lib/rails/rack/logger.rb:26:in `call'
sprockets-rails (3.2.2) lib/sprockets/rails/quiet_assets.rb:13:in `call'
actionpack (5.2.6) lib/action_dispatch/middleware/remote_ip.rb:81:in `call'
actionpack (5.2.6) lib/action_dispatch/middleware/request_id.rb:27:in `call'
rack (2.2.3) lib/rack/method_override.rb:24:in `call'
rack (2.2.3) lib/rack/runtime.rb:22:in `call'
activesupport (5.2.6) lib/active_support/cache/strategy/local_cache_middleware.rb:29:in `call'
actionpack (5.2.6) lib/action_dispatch/middleware/executor.rb:14:in `call'
actionpack (5.2.6) lib/action_dispatch/middleware/static.rb:127:in `call'
rack (2.2.3) lib/rack/sendfile.rb:110:in `call'
railties (5.2.6) lib/rails/engine.rb:524:in `call'
puma (3.12.6) lib/puma/configuration.rb:227:in `call'
puma (3.12.6) lib/puma/server.rb:706:in `handle_request'
puma (3.12.6) lib/puma/server.rb:476:in `process_client'
puma (3.12.6) lib/puma/server.rb:334:in `block in run'
puma (3.12.6) lib/puma/thread_pool.rb:135:in `block in spawn_thread'
